#
# A fatal error has been detected by the Java Runtime Environment:
#
#  SIGSEGV (0xb) at pc=0x00007fb7981b9b40, pid=23473, tid=0x00007fb77cade700
#
# JRE version: Java(TM) SE Runtime Environment (8.0_121-b13) (build 1.8.0_121-b13)
# Java VM: Java HotSpot(TM) 64-Bit Server VM (25.121-b13 mixed mode linux-amd64 compressed oops)
# Problematic frame:
# V  [libjvm.so+0x438b40]  ciObjectFactory::create_new_metadata(Metadata*)+0x320
#
# Failed to write core dump. Core dumps have been disabled. To enable core dumping, try "ulimit -c unlimited" before starting Java again
#
# If you would like to submit a bug report, please visit:
#   http://bugreport.java.com/bugreport/crash.jsp
#

---------------  T H R E A D  ---------------

Current thread (0x00007fb7900c0800):  JavaThread "C2 CompilerThread1" daemon [_thread_in_vm, id=23499, stack(0x00007fb77c9de000,0x00007fb77cadf000)]

siginfo: si_signo: 11 (SIGSEGV), si_code: 1 (SEGV_MAPERR), si_addr: 0x00000004686eb300

Registers:
RAX=0x0000000000000001, RBX=0x0000000000000070, RCX=0x00007fb79976d2c0, RDX=0x00007fb77cadea20
RSP=0x00007fb77cadbaa0, RBP=0x00007fb77cadbb10, RSI=0x0000000000000001, RDI=0x0000000000000010
R8 =0x0000000000000008, R9 =0x00007fb754992340, R10=0x0000000000000002, R11=0x00007fb7549925c8
R12=0x00000004686eb300, R13=0x00007fb75c055b70, R14=0x00007fb7900c0800, R15=0x00007fb75c055b70
RIP=0x00007fb7981b9b40, EFLAGS=0x0000000000010202, CSGSFS=0x002b000000000033, ERR=0x0000000000000004
  TRAPNO=0x000000000000000e

Top of Stack: (sp=0x00007fb77cadbaa0)
0x00007fb77cadbaa0:   00007fb790020df0 0000000000000000
0x00007fb77cadbab0:   00007fb790020df0 0000000000000000
0x00007fb77cadbac0:   00007fb77cadbb50 00007fb798631a22
0x00007fb77cadbad0:   00007fb75424b690 00007fb77cadbb70
0x00007fb77cadbae0:   00007fb75c8e6b10 0000000000000070
0x00007fb77cadbaf0:   00000004686eb300 00007fb75c055b70
0x00007fb77cadbb00:   0000000000000089 00007fb790aec5e0
0x00007fb77cadbb10:   00007fb77cadbb50 00007fb7981b9f75
0x00007fb77cadbb20:   00007fb77cadbb40 0000000000000003
0x00007fb77cadbb30:   00000004686eb300 0000000000000003
0x00007fb77cadbb40:   0000000000000001 00007fb75c8ebdb0
0x00007fb77cadbb50:   00007fb77cadbb90 00007fb7981b4b1e
0x00007fb77cadbb60:   00007fb75c8ebda0 00007fb75c8ebda0
0x00007fb77cadbb70:   00000000000000a0 00007fb75c8ebdb0
0x00007fb77cadbb80:   00007fb7549921b0 00007fb7476e38f8
0x00007fb77cadbb90:   00007fb77cadbc00 00007fb7981b3faf
0x00007fb77cadbba0:   00007fb7476e39f8 00007fb75c8e6b10
0x00007fb77cadbbb0:   00007fb75c8ebcc0 00007fb75c8eeaf8
0x00007fb77cadbbc0:   00007fb790020df0 00000000000083b0
0x00007fb77cadbbd0:   800064c100000000 00007fb7476e38f8
0x00007fb77cadbbe0:   00007fb790af34b0 00007fb77cadbc10
0x00007fb77cadbbf0:   00007fb77cadbc30 00007fb77cadbcc0
0x00007fb77cadbc00:   00007fb77cadbc60 00007fb7981a6e24
0x00007fb77cadbc10:   00007fb7955d05e8 00007fb7900c0800
0x00007fb77cadbc20:   00007fb7900c0800 00007fb77cadbd50
0x00007fb77cadbc30:   00007fb7900c0800 00007fb798807989
0x00007fb77cadbc40:   00007fb790af34b0 0000000000000000
0x00007fb77cadbc50:   00007fb790af34b0 00007fb77cadbcc0
0x00007fb77cadbc60:   00007fb77cadbcb0 00007fb7986d2055
0x00007fb77cadbc70:   45d4e8009086e198 0000000000000000
0x00007fb77cadbc80:   00007fb79086e148 00007fb77cadcf00
0x00007fb77cadbc90:   00007fb75c8ebc90 00007fb790bcb190 

Instructions: (pc=0x00007fb7981b9b40)
0x00007fb7981b9b20:   89 04 32 41 8b 00 48 83 c6 08 39 c7 7c e2 44 8d
0x00007fb7981b9b30:   48 ff 45 89 08 e9 7b fd ff ff 66 0f 1f 44 00 00
0x00007fb7981b9b40:   49 8b 04 24 4c 89 e7 ff 50 08 84 c0 0f 84 05 fd
0x00007fb7981b9b50:   ff ff 41 8b 44 24 08 85 c0 0f 8e f8 fc ff ff 41 

Register to memory mapping:

RAX=0x0000000000000001 is an unknown value
RBX=0x0000000000000070 is an unknown value
RCX=0x00007fb79976d2c0: <offset 0x2192c0> in /lib/x86_64-linux-gnu/libpthread.so.0 at 0x00007fb799554000
RDX=0x00007fb77cadea20 is pointing into the stack for thread: 0x00007fb7900c0800
RSP=0x00007fb77cadbaa0 is pointing into the stack for thread: 0x00007fb7900c0800
RBP=0x00007fb77cadbb10 is pointing into the stack for thread: 0x00007fb7900c0800
RSI=0x0000000000000001 is an unknown value
RDI=0x0000000000000010 is an unknown value
R8 =0x0000000000000008 is an unknown value
R9 =0x00007fb754992340 is an unknown value
R10=0x0000000000000002 is an unknown value
R11=0x00007fb7549925c8 is an unknown value
R12=0x00000004686eb300 is an unknown value
R13=0x00007fb75c055b70 is an unknown value
R14=0x00007fb7900c0800 is a thread
R15=0x00007fb75c055b70 is an unknown value


Stack: [0x00007fb77c9de000,0x00007fb77cadf000],  sp=0x00007fb77cadbaa0,  free space=1014k
Native frames: (J=compiled Java code, j=interpreted, Vv=VM code, C=native code)
V  [libjvm.so+0x438b40]  ciObjectFactory::create_new_metadata(Metadata*)+0x320
V  [libjvm.so+0x438f75]  ciObjectFactory::get_metadata(Metadata*)+0x85
V  [libjvm.so+0x433b1e]  ciVirtualCallData::translate_from(ProfileData const*)+0x7e
V  [libjvm.so+0x432faf]  ciMethodData::load_data()+0x14f
V  [libjvm.so+0x425e24]  ciMethod::method_data()+0xb4
V  [libjvm.so+0x951055]  Parse::Parse(JVMState*, ciMethod*, float)+0x645
V  [libjvm.so+0x3f3c48]  ParseGenerator::generate(JVMState*)+0x88
V  [libjvm.so+0x56c936]  Parse::do_call()+0x1e6
V  [libjvm.so+0x95a93a]  Parse::do_one_bytecode()+0x333a
V  [libjvm.so+0x94b5a8]  Parse::do_one_block()+0x178
V  [libjvm.so+0x94f8a7]  Parse::do_all_blocks()+0x127
V  [libjvm.so+0x951259]  Parse::Parse(JVMState*, ciMethod*, float)+0x849
V  [libjvm.so+0x3f3c48]  ParseGenerator::generate(JVMState*)+0x88
V  [libjvm.so+0x4a572a]  Compile::Compile(ciEnv*, C2Compiler*, ciMethod*, int, bool, bool, bool)+0x127a
V  [libjvm.so+0x3f2615]  C2Compiler::compile_method(ciEnv*, ciMethod*, int)+0x1f5
V  [libjvm.so+0x4afeaa]  CompileBroker::invoke_compiler_on_method(CompileTask*)+0xc9a
V  [libjvm.so+0x4b0e56]  CompileBroker::compiler_thread_loop()+0x5d6
V  [libjvm.so+0xa75543]  JavaThread::thread_main_inner()+0x103
V  [libjvm.so+0xa7568c]  JavaThread::run()+0x11c
V  [libjvm.so+0x926268]  java_start(Thread*)+0x108
C  [libpthread.so.0+0x76ca]  start_thread+0xca


Current CompileTask:
C2:  13982 3965       4       sun.reflect.annotation.AnnotationInvocationHandler::invoke (277 bytes)


---------------  P R O C E S S  ---------------

Java Threads: ( => current thread )
  0x00007fb790d67000 JavaThread "Abandoned connection cleanup thread" daemon [_thread_blocked, id=23521, stack(0x00007fb746134000,0x00007fb746235000)]
  0x00007fb790d4f800 JavaThread "Tomcat JDBC Pool Cleaner[189568618:1490700593417]" daemon [_thread_blocked, id=23520, stack(0x00007fb746235000,0x00007fb746336000)]
  0x00007fb790cdf000 JavaThread "container-0" [_thread_blocked, id=23519, stack(0x00007fb746336000,0x00007fb746437000)]
  0x00007fb790cdb800 JavaThread "ContainerBackgroundProcessor[StandardEngine[Tomcat]]" daemon [_thread_blocked, id=23518, stack(0x00007fb746437000,0x00007fb746538000)]
  0x00007fb73c29d000 JavaThread "localhost-startStop-1" daemon [_thread_blocked, id=23517, stack(0x00007fb7473de000,0x00007fb7474df000)]
  0x00007fb790cda800 JavaThread "Tomcat-startStop-1" daemon [_thread_blocked, id=23516, stack(0x00007fb747adf000,0x00007fb747be0000)]
  0x00007fb79047a800 JavaThread "Monitor Ctrl-Break" daemon [_thread_in_native, id=23503, stack(0x00007fb77c114000,0x00007fb77c215000)]
  0x00007fb7900cd000 JavaThread "Service Thread" daemon [_thread_blocked, id=23501, stack(0x00007fb77c7dc000,0x00007fb77c8dd000)]
  0x00007fb7900c2800 JavaThread "C1 CompilerThread2" daemon [_thread_blocked, id=23500, stack(0x00007fb77c8dd000,0x00007fb77c9de000)]
=>0x00007fb7900c0800 JavaThread "C2 CompilerThread1" daemon [_thread_in_vm, id=23499, stack(0x00007fb77c9de000,0x00007fb77cadf000)]
  0x00007fb7900bd800 JavaThread "C2 CompilerThread0" daemon [_thread_in_native, id=23498, stack(0x00007fb77cadf000,0x00007fb77cbe0000)]
  0x00007fb7900bc000 JavaThread "Signal Dispatcher" daemon [_thread_blocked, id=23497, stack(0x00007fb77cbe0000,0x00007fb77cce1000)]
  0x00007fb790089000 JavaThread "Finalizer" daemon [_thread_blocked, id=23490, stack(0x00007fb77d0eb000,0x00007fb77d1ec000)]
  0x00007fb790084800 JavaThread "Reference Handler" daemon [_thread_blocked, id=23487, stack(0x00007fb77d1ec000,0x00007fb77d2ed000)]
  0x00007fb79000e800 JavaThread "main" [_thread_in_vm, id=23475, stack(0x00007fb799871000,0x00007fb799972000)]

Other Threads:
  0x00007fb79007c800 VMThread [stack: 0x00007fb77d2ed000,0x00007fb77d3ee000] [id=23485]
  0x00007fb7900d0000 WatcherThread [stack: 0x00007fb77c6db000,0x00007fb77c7dc000] [id=23502]

VM state:not at safepoint (normal execution)

VM Mutex/Monitor currently owned by a thread: None

Heap:
 PSYoungGen      total 149504K, used 106993K [0x00000000d9500000, 0x00000000e5680000, 0x0000000100000000)
  eden space 139264K, 76% used [0x00000000d9500000,0x00000000dfd7c6d8,0x00000000e1d00000)
  from space 10240K, 0% used [0x00000000e2a00000,0x00000000e2a00000,0x00000000e3400000)
  to   space 13312K, 0% used [0x00000000e1d00000,0x00000000e1d00000,0x00000000e2a00000)
 ParOldGen       total 101376K, used 23591K [0x000000008be00000, 0x0000000092100000, 0x00000000d9500000)
  object space 101376K, 23% used [0x000000008be00000,0x000000008d509c20,0x0000000092100000)
 Metaspace       used 42368K, capacity 42812K, committed 43264K, reserved 1087488K
  class space    used 5494K, capacity 5605K, committed 5632K, reserved 1048576K

Card table byte_map: [0x00007fb796279000,0x00007fb79661b000] byte_map_base: 0x00007fb795e1a000

Marking Bits: (ParMarkBitMap*) 0x00007fb798d45c80
 Begin Bits: [0x00007fb77d5f0000, 0x00007fb77f2f8000)
 End Bits:   [0x00007fb77f2f8000, 0x00007fb781000000)

Polling page: 0x00007fb799992000

CodeCache: size=245760Kb used=12760Kb max_used=12779Kb free=232999Kb
 bounds [0x00007fb781000000, 0x00007fb781c90000, 0x00007fb790000000]
 total_blobs=4026 nmethods=3529 adapters=410
 compilation: enabled

Compilation events (10 events):
Event: 13,953 Thread 0x00007fb7900c2800 nmethod 4011 0x00007fb781c77550 code [0x00007fb781c776a0, 0x00007fb781c777b0]
Event: 13,954 Thread 0x00007fb7900c2800 4012       1       org.springframework.beans.factory.InjectionPoint::getMethodParameter (5 bytes)
Event: 13,954 Thread 0x00007fb7900c2800 nmethod 4012 0x00007fb781c77810 code [0x00007fb781c77960, 0x00007fb781c77a70]
Event: 13,959 Thread 0x00007fb7900c2800 4013       3       org.springframework.beans.factory.config.ConstructorArgumentValues::getArgumentCount (20 bytes)
Event: 13,959 Thread 0x00007fb7900c2800 nmethod 4013 0x00007fb781c77ad0 code [0x00007fb781c77c60, 0x00007fb781c77f58]
Event: 13,974 Thread 0x00007fb7900c0800 nmethod 3939 0x00007fb781c7db50 code [0x00007fb781c7e100, 0x00007fb781c80e38]
Event: 13,974 Thread 0x00007fb7900c0800 3965       4       sun.reflect.annotation.AnnotationInvocationHandler::invoke (277 bytes)
Event: 13,975 Thread 0x00007fb7900c2800 4014       1       org.springframework.beans.factory.config.BeanDefinitionHolder::getBeanDefinition (5 bytes)
Event: 13,975 Thread 0x00007fb7900c2800 nmethod 4014 0x00007fb781c7d890 code [0x00007fb781c7d9e0, 0x00007fb781c7daf0]
Event: 13,975 Thread 0x00007fb7900c2800 4015       3       org.springframework.core.ResolvableType::isArray (58 bytes)

GC Heap History (10 events):
Event: 4,653 GC heap before
{Heap before GC invocations=6 (full 1):
 PSYoungGen      total 66048K, used 4597K [0x00000000d9500000, 0x00000000e2000000, 0x0000000100000000)
  eden space 61440K, 0% used [0x00000000d9500000,0x00000000d9500000,0x00000000dd100000)
  from space 4608K, 99% used [0x00000000dd100000,0x00000000dd57d780,0x00000000dd580000)
  to   space 9728K, 0% used [0x00000000e1680000,0x00000000e1680000,0x00000000e2000000)
 ParOldGen       total 80896K, used 14009K [0x000000008be00000, 0x0000000090d00000, 0x00000000d9500000)
  object space 80896K, 17% used [0x000000008be00000,0x000000008cbae5f8,0x0000000090d00000)
 Metaspace       used 20840K, capacity 21148K, committed 21296K, reserved 1069056K
  class space    used 2565K, capacity 2677K, committed 2688K, reserved 1048576K
Event: 4,747 GC heap after
Heap after GC invocations=6 (full 1):
 PSYoungGen      total 66048K, used 0K [0x00000000d9500000, 0x00000000e2000000, 0x0000000100000000)
  eden space 61440K, 0% used [0x00000000d9500000,0x00000000d9500000,0x00000000dd100000)
  from space 4608K, 0% used [0x00000000dd100000,0x00000000dd100000,0x00000000dd580000)
  to   space 9728K, 0% used [0x00000000e1680000,0x00000000e1680000,0x00000000e2000000)
 ParOldGen       total 61952K, used 11275K [0x000000008be00000, 0x000000008fa80000, 0x00000000d9500000)
  object space 61952K, 18% used [0x000000008be00000,0x000000008c902fc8,0x000000008fa80000)
 Metaspace       used 20840K, capacity 21148K, committed 21296K, reserved 1069056K
  class space    used 2565K, capacity 2677K, committed 2688K, reserved 1048576K
}
Event: 6,079 GC heap before
{Heap before GC invocations=7 (full 1):
 PSYoungGen      total 66048K, used 61440K [0x00000000d9500000, 0x00000000e2000000, 0x0000000100000000)
  eden space 61440K, 100% used [0x00000000d9500000,0x00000000dd100000,0x00000000dd100000)
  from space 4608K, 0% used [0x00000000dd100000,0x00000000dd100000,0x00000000dd580000)
  to   space 9728K, 0% used [0x00000000e1680000,0x00000000e1680000,0x00000000e2000000)
 ParOldGen       total 61952K, used 11275K [0x000000008be00000, 0x000000008fa80000, 0x00000000d9500000)
  object space 61952K, 18% used [0x000000008be00000,0x000000008c902fc8,0x000000008fa80000)
 Metaspace       used 23910K, capacity 24218K, committed 24448K, reserved 1071104K
  class space    used 3001K, capacity 3098K, committed 3200K, reserved 1048576K
Event: 6,117 GC heap after
Heap after GC invocations=7 (full 1):
 PSYoungGen      total 99840K, used 4869K [0x00000000d9500000, 0x00000000e1b80000, 0x0000000100000000)
  eden space 94720K, 0% used [0x00000000d9500000,0x00000000d9500000,0x00000000df180000)
  from space 5120K, 95% used [0x00000000e1680000,0x00000000e1b417e8,0x00000000e1b80000)
  to   space 10240K, 0% used [0x00000000e0780000,0x00000000e0780000,0x00000000e1180000)
 ParOldGen       total 61952K, used 11283K [0x000000008be00000, 0x000000008fa80000, 0x00000000d9500000)
  object space 61952K, 18% used [0x000000008be00000,0x000000008c904fc8,0x000000008fa80000)
 Metaspace       used 23910K, capacity 24218K, committed 24448K, reserved 1071104K
  class space    used 3001K, capacity 3098K, committed 3200K, reserved 1048576K
}
Event: 8,244 GC heap before
{Heap before GC invocations=8 (full 1):
 PSYoungGen      total 99840K, used 99589K [0x00000000d9500000, 0x00000000e1b80000, 0x0000000100000000)
  eden space 94720K, 100% used [0x00000000d9500000,0x00000000df180000,0x00000000df180000)
  from space 5120K, 95% used [0x00000000e1680000,0x00000000e1b417e8,0x00000000e1b80000)
  to   space 10240K, 0% used [0x00000000e0780000,0x00000000e0780000,0x00000000e1180000)
 ParOldGen       total 61952K, used 11283K [0x000000008be00000, 0x000000008fa80000, 0x00000000d9500000)
  object space 61952K, 18% used [0x000000008be00000,0x000000008c904fc8,0x000000008fa80000)
 Metaspace       used 27654K, capacity 27970K, committed 28160K, reserved 1073152K
  class space    used 3434K, capacity 3526K, committed 3584K, reserved 1048576K
Event: 8,267 GC heap after
Heap after GC invocations=8 (full 1):
 PSYoungGen      total 127488K, used 8045K [0x00000000d9500000, 0x00000000e3400000, 0x0000000100000000)
  eden space 117248K, 0% used [0x00000000d9500000,0x00000000d9500000,0x00000000e0780000)
  from space 10240K, 78% used [0x00000000e0780000,0x00000000e0f5b560,0x00000000e1180000)
  to   space 10240K, 0% used [0x00000000e2a00000,0x00000000e2a00000,0x00000000e3400000)
 ParOldGen       total 61952K, used 11291K [0x000000008be00000, 0x000000008fa80000, 0x00000000d9500000)
  object space 61952K, 18% used [0x000000008be00000,0x000000008c906fc8,0x000000008fa80000)
 Metaspace       used 27654K, capacity 27970K, committed 28160K, reserved 1073152K
  class space    used 3434K, capacity 3526K, committed 3584K, reserved 1048576K
}
Event: 10,587 GC heap before
{Heap before GC invocations=9 (full 1):
 PSYoungGen      total 127488K, used 116316K [0x00000000d9500000, 0x00000000e3400000, 0x0000000100000000)
  eden space 117248K, 92% used [0x00000000d9500000,0x00000000dfebbaf8,0x00000000e0780000)
  from space 10240K, 78% used [0x00000000e0780000,0x00000000e0f5b560,0x00000000e1180000)
  to   space 10240K, 0% used [0x00000000e2a00000,0x00000000e2a00000,0x00000000e3400000)
 ParOldGen       total 61952K, used 11291K [0x000000008be00000, 0x000000008fa80000, 0x00000000d9500000)
  object space 61952K, 18% used [0x000000008be00000,0x000000008c906fc8,0x000000008fa80000)
 Metaspace       used 34785K, capacity 35172K, committed 35496K, reserved 1081344K
  class space    used 4415K, capacity 4529K, committed 4608K, reserved 1048576K
Event: 10,607 GC heap after
Heap after GC invocations=9 (full 1):
 PSYoungGen      total 149504K, used 10230K [0x00000000d9500000, 0x00000000e5680000, 0x0000000100000000)
  eden space 139264K, 0% used [0x00000000d9500000,0x00000000d9500000,0x00000000e1d00000)
  from space 10240K, 99% used [0x00000000e2a00000,0x00000000e33fd858,0x00000000e3400000)
  to   space 13312K, 0% used [0x00000000e1d00000,0x00000000e1d00000,0x00000000e2a00000)
 ParOldGen       total 61952K, used 15597K [0x000000008be00000, 0x000000008fa80000, 0x00000000d9500000)
  object space 61952K, 25% used [0x000000008be00000,0x000000008cd3b4b0,0x000000008fa80000)
 Metaspace       used 34785K, capacity 35172K, committed 35496K, reserved 1081344K
  class space    used 4415K, capacity 4529K, committed 4608K, reserved 1048576K
}
Event: 10,607 GC heap before
{Heap before GC invocations=10 (full 2):
 PSYoungGen      total 149504K, used 10230K [0x00000000d9500000, 0x00000000e5680000, 0x0000000100000000)
  eden space 139264K, 0% used [0x00000000d9500000,0x00000000d9500000,0x00000000e1d00000)
  from space 10240K, 99% used [0x00000000e2a00000,0x00000000e33fd858,0x00000000e3400000)
  to   space 13312K, 0% used [0x00000000e1d00000,0x00000000e1d00000,0x00000000e2a00000)
 ParOldGen       total 61952K, used 15597K [0x000000008be00000, 0x000000008fa80000, 0x00000000d9500000)
  object space 61952K, 25% used [0x000000008be00000,0x000000008cd3b4b0,0x000000008fa80000)
 Metaspace       used 34785K, capacity 35172K, committed 35496K, reserved 1081344K
  class space    used 4415K, capacity 4529K, committed 4608K, reserved 1048576K
Event: 10,753 GC heap after
Heap after GC invocations=10 (full 2):
 PSYoungGen      total 149504K, used 0K [0x00000000d9500000, 0x00000000e5680000, 0x0000000100000000)
  eden space 139264K, 0% used [0x00000000d9500000,0x00000000d9500000,0x00000000e1d00000)
  from space 10240K, 0% used [0x00000000e2a00000,0x00000000e2a00000,0x00000000e3400000)
  to   space 13312K, 0% used [0x00000000e1d00000,0x00000000e1d00000,0x00000000e2a00000)
 ParOldGen       total 101376K, used 23591K [0x000000008be00000, 0x0000000092100000, 0x00000000d9500000)
  object space 101376K, 23% used [0x000000008be00000,0x000000008d509c20,0x0000000092100000)
 Metaspace       used 34785K, capacity 35172K, committed 35496K, reserved 1081344K
  class space    used 4415K, capacity 4529K, committed 4608K, reserved 1048576K
}

Deoptimization events (10 events):
Event: 13,306 Thread 0x00007fb79000e800 Uncommon trap: reason=class_check action=maybe_recompile pc=0x00007fb781a5cd58 method=org.springframework.asm.ClassReader.readCode(Lorg/springframework/asm/MethodVisitor;Lorg/springframework/asm/Context;I)V @ 2465
Event: 13,306 Thread 0x00007fb79000e800 Uncommon trap: reason=class_check action=maybe_recompile pc=0x00007fb781a5cd58 method=org.springframework.asm.ClassReader.readCode(Lorg/springframework/asm/MethodVisitor;Lorg/springframework/asm/Context;I)V @ 2465
Event: 13,307 Thread 0x00007fb79000e800 Uncommon trap: reason=class_check action=maybe_recompile pc=0x00007fb781151cdc method=org.springframework.beans.factory.support.AbstractBeanFactory.isTypeMatch(Ljava/lang/String;Lorg/springframework/core/ResolvableType;)Z @ 37
Event: 13,309 Thread 0x00007fb79000e800 Uncommon trap: reason=class_check action=maybe_recompile pc=0x00007fb781151cdc method=org.springframework.beans.factory.support.AbstractBeanFactory.isTypeMatch(Ljava/lang/String;Lorg/springframework/core/ResolvableType;)Z @ 37
Event: 13,325 Thread 0x00007fb79000e800 Uncommon trap: reason=null_check action=make_not_entrant pc=0x00007fb7811e8fe8 method=org.springframework.util.ClassUtils.isAssignable(Ljava/lang/Class;Ljava/lang/Class;)Z @ 14
Event: 13,400 Thread 0x00007fb79000e800 Uncommon trap: reason=class_check action=maybe_recompile pc=0x00007fb781151cdc method=org.springframework.beans.factory.support.AbstractBeanFactory.isTypeMatch(Ljava/lang/String;Lorg/springframework/core/ResolvableType;)Z @ 37
Event: 13,726 Thread 0x00007fb79000e800 Uncommon trap: reason=class_check action=maybe_recompile pc=0x00007fb781151cdc method=org.springframework.beans.factory.support.AbstractBeanFactory.isTypeMatch(Ljava/lang/String;Lorg/springframework/core/ResolvableType;)Z @ 37
Event: 13,760 Thread 0x00007fb79000e800 Uncommon trap: reason=null_check action=maybe_recompile pc=0x00007fb781486984 method=sun.reflect.annotation.AnnotationInvocationHandler.memberValueEquals(Ljava/lang/Object;Ljava/lang/Object;)Z @ 1
Event: 13,764 Thread 0x00007fb79000e800 Uncommon trap: reason=null_check action=maybe_recompile pc=0x00007fb781486984 method=sun.reflect.annotation.AnnotationInvocationHandler.memberValueEquals(Ljava/lang/Object;Ljava/lang/Object;)Z @ 1
Event: 13,765 Thread 0x00007fb79000e800 Uncommon trap: reason=null_check action=maybe_recompile pc=0x00007fb781486984 method=sun.reflect.annotation.AnnotationInvocationHandler.memberValueEquals(Ljava/lang/Object;Ljava/lang/Object;)Z @ 1

Internal exceptions (10 events):
Event: 13,950 Thread 0x00007fb79000e800 Exception <a 'java/lang/ClassNotFoundException': org/springframework/context/annotation/ConfigurationClassEnhancer$EnhancedConfigurationCustomizer> (0x00000000dfaa8fa0) thrown at [/HUDSON3/workspace/8-2-build-linux-amd64/jdk8u121/8372/hotspot/src/share/vm
Event: 13,951 Thread 0x00007fb79000e800 Exception <a 'java/lang/ClassNotFoundException': org/springframework/security/config/annotation/web/WebSecurityConfigurerCustomizer> (0x00000000dfac6ff8) thrown at [/HUDSON3/workspace/8-2-build-linux-amd64/jdk8u121/8372/hotspot/src/share/vm/classfile/syst
Event: 13,967 Thread 0x00007fb79000e800 Exception <a 'java/lang/ClassNotFoundException': java/lang/ObjectCustomizer> (0x00000000dfb25f78) thrown at [/HUDSON3/workspace/8-2-build-linux-amd64/jdk8u121/8372/hotspot/src/share/vm/classfile/systemDictionary.cpp, line 210]
Event: 13,968 Thread 0x00007fb79000e800 Exception <a 'java/lang/ClassNotFoundException': org/springframework/web/servlet/config/annotation/WebMvcConfigurationSupportCustomizer> (0x00000000dfb48f68) thrown at [/HUDSON3/workspace/8-2-build-linux-amd64/jdk8u121/8372/hotspot/src/share/vm/classfile/
Event: 13,969 Thread 0x00007fb79000e800 Exception <a 'java/lang/ClassNotFoundException': org/springframework/web/servlet/config/annotation/DelegatingWebMvcConfigurationCustomizer> (0x00000000dfb79388) thrown at [/HUDSON3/workspace/8-2-build-linux-amd64/jdk8u121/8372/hotspot/src/share/vm/classfi
Event: 13,970 Thread 0x00007fb79000e800 Exception <a 'java/lang/ClassNotFoundException': org/springframework/boot/autoconfigure/web/WebMvcAutoConfiguration$EnableWebMvcConfigurationCustomizer> (0x00000000dfba2980) thrown at [/HUDSON3/workspace/8-2-build-linux-amd64/jdk8u121/8372/hotspot/src/sha
Event: 13,970 Thread 0x00007fb79000e800 Exception <a 'java/lang/ClassNotFoundException': org/springframework/boot/autoconfigure/web/WebMvcAutoConfiguration$EnableWebMvcConfiguration$$EnhancerBySpringCGLIB$$6b21d23dCustomizer> (0x00000000dfbd5040) thrown at [/HUDSON3/workspace/8-2-build-linux-am
Event: 13,971 Thread 0x00007fb79000e800 Exception <a 'java/lang/ClassNotFoundException': org/springframework/context/annotation/ConfigurationClassEnhancer$EnhancedConfigurationCustomizer> (0x00000000dfc16970) thrown at [/HUDSON3/workspace/8-2-build-linux-amd64/jdk8u121/8372/hotspot/src/share/vm
Event: 13,972 Thread 0x00007fb79000e800 Exception <a 'java/lang/ClassNotFoundException': org/springframework/context/ApplicationContextAwareCustomizer> (0x00000000dfc2f868) thrown at [/HUDSON3/workspace/8-2-build-linux-amd64/jdk8u121/8372/hotspot/src/share/vm/classfile/systemDictionary.cpp, lin
Event: 13,973 Thread 0x00007fb79000e800 Exception <a 'java/lang/ClassNotFoundException': org/springframework/web/context/ServletContextAwareCustomizer> (0x00000000dfc49c50) thrown at [/HUDSON3/workspace/8-2-build-linux-amd64/jdk8u121/8372/hotspot/src/share/vm/classfile/systemDictionary.cpp, lin

Events (10 events):
Event: 13,972 loading class org/springframework/context/ApplicationContextAwareCustomizer
Event: 13,972 loading class org/springframework/context/ApplicationContextAwareCustomizer done
Event: 13,972 loading class org/springframework/context/ApplicationContextAwareCustomizer
Event: 13,972 loading class org/springframework/context/ApplicationContextAwareCustomizer done
Event: 13,972 loading class org/springframework/web/context/ServletContextAwareCustomizer
Event: 13,972 loading class org/springframework/web/context/ServletContextAwareCustomizer done
Event: 13,972 loading class org/springframework/web/context/ServletContextAwareCustomizer
Event: 13,972 loading class org/springframework/web/context/ServletContextAwareCustomizer done
Event: 13,972 loading class org/springframework/web/context/ServletContextAwareCustomizer
Event: 13,972 loading class org/springframework/web/context/ServletContextAwareCustomizer done


Dynamic libraries:
00400000-00401000 r-xp 00000000 08:04 25604                              /media/dawid/A05600AF5600886C/UbuntuPrograms/jdk/jdk1.8.0_121/bin/java
00600000-00601000 rw-p 00000000 08:04 25604                              /media/dawid/A05600AF5600886C/UbuntuPrograms/jdk/jdk1.8.0_121/bin/java
025ae000-025cf000 rw-p 00000000 00:00 0                                  [heap]
8be00000-92100000 rw-p 00000000 00:00 0 
92100000-d9500000 ---p 00000000 00:00 0 
d9500000-e5680000 rw-p 00000000 00:00 0 
e5680000-100000000 ---p 00000000 00:00 0 
100000000-100580000 rw-p 00000000 00:00 0 
100580000-140000000 ---p 00000000 00:00 0 
7fb724000000-7fb724021000 rw-p 00000000 00:00 0 
7fb724021000-7fb728000000 ---p 00000000 00:00 0 
7fb72c000000-7fb72c021000 rw-p 00000000 00:00 0 
7fb72c021000-7fb730000000 ---p 00000000 00:00 0 
7fb730000000-7fb730021000 rw-p 00000000 00:00 0 
7fb730021000-7fb734000000 ---p 00000000 00:00 0 
7fb734000000-7fb734069000 rw-p 00000000 00:00 0 
7fb734069000-7fb738000000 ---p 00000000 00:00 0 
7fb738000000-7fb738021000 rw-p 00000000 00:00 0 
7fb738021000-7fb73c000000 ---p 00000000 00:00 0 
7fb73c000000-7fb73c2a3000 rw-p 00000000 00:00 0 
7fb73c2a3000-7fb740000000 ---p 00000000 00:00 0 
7fb740000000-7fb740021000 rw-p 00000000 00:00 0 
7fb740021000-7fb744000000 ---p 00000000 00:00 0 
7fb74544d000-7fb74550d000 rw-p 00000000 00:00 0 
7fb74550d000-7fb74564d000 ---p 00000000 00:00 0 
7fb74564d000-7fb74584d000 rw-p 00000000 00:00 0 
7fb74584d000-7fb745a4d000 rw-p 00000000 00:00 0 
7fb745a4d000-7fb745c4d000 rw-p 00000000 00:00 0 
7fb745d34000-7fb745f34000 rw-p 00000000 00:00 0 
7fb745f34000-7fb746134000 rw-p 00000000 00:00 0 
7fb746134000-7fb746137000 ---p 00000000 00:00 0 
7fb746137000-7fb746235000 rw-p 00000000 00:00 0 
7fb746235000-7fb746238000 ---p 00000000 00:00 0 
7fb746238000-7fb746336000 rw-p 00000000 00:00 0 
7fb746336000-7fb746339000 ---p 00000000 00:00 0 
7fb746339000-7fb746437000 rw-p 00000000 00:00 0 
7fb746437000-7fb74643a000 ---p 00000000 00:00 0 
7fb74643a000-7fb746938000 rw-p 00000000 00:00 0 
7fb746938000-7fb746b38000 rw-p 00000000 00:00 0 
7fb746b38000-7fb746d38000 rw-p 00000000 00:00 0 
7fb746d38000-7fb746f38000 rw-p 00000000 00:00 0 
7fb746f38000-7fb746fcd000 r--s 01109000 08:04 25764                      /media/dawid/A05600AF5600886C/UbuntuPrograms/jdk/jdk1.8.0_121/jre/lib/ext/jfxrt.jar
7fb746fcd000-7fb746fde000 r-xp 00000000 08:04 25713                      /media/dawid/A05600AF5600886C/UbuntuPrograms/jdk/jdk1.8.0_121/jre/lib/amd64/libnio.so
7fb746fde000-7fb7471dd000 ---p 00011000 08:04 25713                      /media/dawid/A05600AF5600886C/UbuntuPrograms/jdk/jdk1.8.0_121/jre/lib/amd64/libnio.so
7fb7471dd000-7fb7471de000 rw-p 00010000 08:04 25713                      /media/dawid/A05600AF5600886C/UbuntuPrograms/jdk/jdk1.8.0_121/jre/lib/amd64/libnio.so
7fb7471de000-7fb7473de000 rw-p 00000000 00:00 0 
7fb7473de000-7fb7473e1000 ---p 00000000 00:00 0 
7fb7473e1000-7fb7476df000 rw-p 00000000 00:00 0 
7fb7476df000-7fb7478df000 rw-p 00000000 00:00 0 
7fb7478df000-7fb747adf000 rw-p 00000000 00:00 0 
7fb747adf000-7fb747ae2000 ---p 00000000 00:00 0 
7fb747ae2000-7fb747be0000 rw-p 00000000 00:00 0 
7fb747be0000-7fb747be9000 r-xp 00000000 08:04 25724                      /media/dawid/A05600AF5600886C/UbuntuPrograms/jdk/jdk1.8.0_121/jre/lib/amd64/libmanagement.so
7fb747be9000-7fb747de8000 ---p 00009000 08:04 25724                      /media/dawid/A05600AF5600886C/UbuntuPrograms/jdk/jdk1.8.0_121/jre/lib/amd64/libmanagement.so
7fb747de8000-7fb747de9000 rw-p 00008000 08:04 25724                      /media/dawid/A05600AF5600886C/UbuntuPrograms/jdk/jdk1.8.0_121/jre/lib/amd64/libmanagement.so
7fb747de9000-7fb747dff000 r-xp 00000000 08:04 25688                      /media/dawid/A05600AF5600886C/UbuntuPrograms/jdk/jdk1.8.0_121/jre/lib/amd64/libnet.so
7fb747dff000-7fb747fff000 ---p 00016000 08:04 25688                      /media/dawid/A05600AF5600886C/UbuntuPrograms/jdk/jdk1.8.0_121/jre/lib/amd64/libnet.so
7fb747fff000-7fb748000000 rw-p 00016000 08:04 25688                      /media/dawid/A05600AF5600886C/UbuntuPrograms/jdk/jdk1.8.0_121/jre/lib/amd64/libnet.so
7fb748000000-7fb748021000 rw-p 00000000 00:00 0 
7fb748021000-7fb74c000000 ---p 00000000 00:00 0 
7fb74c000000-7fb74c021000 rw-p 00000000 00:00 0 
7fb74c021000-7fb750000000 ---p 00000000 00:00 0 
7fb750000000-7fb75156d000 rw-p 00000000 00:00 0 
7fb75156d000-7fb754000000 ---p 00000000 00:00 0 
7fb754000000-7fb754fe4000 rw-p 00000000 00:00 0 
7fb754fe4000-7fb758000000 ---p 00000000 00:00 0 
7fb758000000-7fb758021000 rw-p 00000000 00:00 0 
7fb758021000-7fb75c000000 ---p 00000000 00:00 0 
7fb75c000000-7fb75db20000 rw-p 00000000 00:00 0 
7fb75db20000-7fb760000000 ---p 00000000 00:00 0 
7fb760000000-7fb760021000 rw-p 00000000 00:00 0 
7fb760021000-7fb764000000 ---p 00000000 00:00 0 
7fb764000000-7fb764021000 rw-p 00000000 00:00 0 
7fb764021000-7fb768000000 ---p 00000000 00:00 0 
7fb768000000-7fb768021000 rw-p 00000000 00:00 0 
7fb768021000-7fb76c000000 ---p 00000000 00:00 0 
7fb76c000000-7fb76c021000 rw-p 00000000 00:00 0 
7fb76c021000-7fb770000000 ---p 00000000 00:00 0 
7fb770000000-7fb770021000 rw-p 00000000 00:00 0 
7fb770021000-7fb774000000 ---p 00000000 00:00 0 
7fb774000000-7fb774021000 rw-p 00000000 00:00 0 
7fb774021000-7fb778000000 ---p 00000000 00:00 0 
7fb778000000-7fb778021000 rw-p 00000000 00:00 0 
7fb778021000-7fb77c000000 ---p 00000000 00:00 0 
7fb77c089000-7fb77c08d000 r--s 0009a000 08:04 25632                      /media/dawid/A05600AF5600886C/UbuntuPrograms/jdk/jdk1.8.0_121/jre/lib/jsse.jar
7fb77c08d000-7fb77c092000 r--s 002f9000 08:04 25633                      /media/dawid/A05600AF5600886C/UbuntuPrograms/jdk/jdk1.8.0_121/jre/lib/charsets.jar
7fb77c092000-7fb77c09c000 r--s 00116000 08:04 25768                      /media/dawid/A05600AF5600886C/UbuntuPrograms/jdk/jdk1.8.0_121/jre/lib/ext/localedata.jar
7fb77c09c000-7fb77c0b8000 r--s 00393000 08:04 25771                      /media/dawid/A05600AF5600886C/UbuntuPrograms/jdk/jdk1.8.0_121/jre/lib/ext/cldrdata.jar
7fb77c0b8000-7fb77c0bf000 r--s 00000000 08:11 834677                     /usr/lib/x86_64-linux-gnu/gconv/gconv-modules.cache
7fb77c0bf000-7fb77c0e3000 r--p 00000000 08:11 798106                     /usr/share/locale-langpack/pl/LC_MESSAGES/libc.mo
7fb77c0e3000-7fb77c114000 rw-p 00000000 00:00 0 
7fb77c114000-7fb77c117000 ---p 00000000 00:00 0 
7fb77c117000-7fb77c215000 rw-p 00000000 00:00 0 
7fb77c215000-7fb77c216000 r-xp 00000000 08:04 73358                      /media/dawid/A05600AF5600886C/UbuntuPrograms/Intellij Idea/idea-IU-163.12024.16/bin/libbreakgen64.so
7fb77c216000-7fb77c415000 ---p 00001000 08:04 73358                      /media/dawid/A05600AF5600886C/UbuntuPrograms/Intellij Idea/idea-IU-163.12024.16/bin/libbreakgen64.so
7fb77c415000-7fb77c416000 r--p 00000000 08:04 73358                      /media/dawid/A05600AF5600886C/UbuntuPrograms/Intellij Idea/idea-IU-163.12024.16/bin/libbreakgen64.so
7fb77c416000-7fb77c417000 rw-p 00001000 08:04 73358                      /media/dawid/A05600AF5600886C/UbuntuPrograms/Intellij Idea/idea-IU-163.12024.16/bin/libbreakgen64.so
7fb77c417000-7fb77c419000 r--s 00019000 08:04 73342                      /media/dawid/A05600AF5600886C/UbuntuPrograms/Intellij Idea/idea-IU-163.12024.16/lib/idea_rt.jar
7fb77c419000-7fb77c423000 r--s 000e9000 08:11 402280                     /home/dawid/.m2/repository/mysql/mysql-connector-java/5.1.41/mysql-connector-java-5.1.41.jar
7fb77c423000-7fb77c42e000 r--s 00053000 08:11 8431                       /home/dawid/.m2/repository/org/springframework/security/spring-security-web/4.2.1.RELEASE/spring-security-web-4.2.1.RELEASE.jar
7fb77c42e000-7fb77c43a000 r--s 00055000 08:11 8419                       /home/dawid/.m2/repository/org/springframework/security/spring-security-core/4.2.1.RELEASE/spring-security-core-4.2.1.RELEASE.jar
7fb77c43a000-7fb77c444000 r--s 00086000 08:11 8437                       /home/dawid/.m2/repository/org/springframework/security/spring-security-config/4.2.1.RELEASE/spring-security-config-4.2.1.RELEASE.jar
7fb77c444000-7fb77c44d000 r--s 00054000 08:11 5609                       /home/dawid/.m2/repository/org/springframework/spring-aop/4.3.6.RELEASE/spring-aop-4.3.6.RELEASE.jar
7fb77c44d000-7fb77c44e000 r--s 00000000 08:11 8401                       /home/dawid/.m2/repository/org/springframework/boot/spring-boot-starter-security/1.5.1.RELEASE/spring-boot-starter-security-1.5.1.RELEASE.jar
7fb77c44e000-7fb77c46c000 r--s 00110000 08:11 3128                       /home/dawid/.m2/repository/org/mockito/mockito-all/1.10.19/mockito-all-1.10.19.jar
7fb77c46c000-7fb77c47b000 r--s 00084000 08:11 8146                       /home/dawid/.m2/repository/org/springframework/spring-test/4.3.6.RELEASE/spring-test-4.3.6.RELEASE.jar
7fb77c47b000-7fb77c491000 r--s 000fb000 08:11 5595                       /home/dawid/.m2/repository/org/springframework/spring-core/4.3.6.RELEASE/spring-core-4.3.6.RELEASE.jar
7fb77c491000-7fb77c492000 r--s 00004000 08:11 8143                       /home/dawid/.m2/repository/com/vaadin/external/google/android-json/0.0.20131108.vaadin1/android-json-0.0.20131108.vaadin1.jar
7fb77c492000-7fb77c494000 r--s 00006000 08:11 8141                       /home/dawid/.m2/repository/org/skyscreamer/jsonassert/1.4.0/jsonassert-1.4.0.jar
7fb77c494000-7fb77c495000 r--s 0000c000 08:11 396897                     /home/dawid/.m2/repository/org/hamcrest/hamcrest-library/1.3/hamcrest-library-1.3.jar
7fb77c495000-7fb77c497000 r--s 00009000 08:11 395141                     /home/dawid/.m2/repository/org/hamcrest/hamcrest-core/1.3/hamcrest-core-1.3.jar
7fb77c497000-7fb77c499000 r--s 00009000 08:11 8140                       /home/dawid/.m2/repository/org/objenesis/objenesis/2.1/objenesis-2.1.jar
7fb77c499000-7fb77c4b5000 r--s 00103000 08:11 8136                       /home/dawid/.m2/repository/org/mockito/mockito-core/1.10.19/mockito-core-1.10.19.jar
7fb77c4b5000-7fb77c4c9000 r--s 000dc000 08:11 8134                       /home/dawid/.m2/repository/org/assertj/assertj-core/2.6.0/assertj-core-2.6.0.jar
7fb77c4c9000-7fb77c4d1000 r--s 00045000 08:11 395137                     /home/dawid/.m2/repository/junit/junit/4.12/junit-4.12.jar
7fb77c4d1000-7fb77c4d2000 r--s 0000c000 08:11 9497                       /home/dawid/.m2/repository/org/ow2/asm/asm/5.0.3/asm-5.0.3.jar
7fb77c4d2000-7fb77c4d4000 r--s 00012000 08:11 8130                       /home/dawid/.m2/repository/net/minidev/accessors-smart/1.1/accessors-smart-1.1.jar
7fb77c4d4000-7fb77c4d7000 r--s 0001b000 08:11 8132                       /home/dawid/.m2/repository/net/minidev/json-smart/2.2.1/json-smart-2.2.1.jar
7fb77c4d7000-7fb77c4dc000 r--s 0002e000 08:11 8126                       /home/dawid/.m2/repository/com/jayway/jsonpath/json-path/2.2.0/json-path-2.2.0.jar
7fb77c4dc000-7fb77c4e1000 r--s 00019000 08:11 8128                       /home/dawid/.m2/repository/org/springframework/boot/spring-boot-test-autoconfigure/1.5.1.RELEASE/spring-boot-test-autoconfigure-1.5.1.RELEASE.jar
7fb77c4e1000-7fb77c4e5000 r--s 0001f000 08:11 8041                       /home/dawid/.m2/repository/org/springframework/boot/spring-boot-test/1.5.1.RELEASE/spring-boot-test-1.5.1.RELEASE.jar
7fb77c4e5000-7fb77c4e6000 r--s 00000000 08:11 8124                       /home/dawid/.m2/repository/org/springframework/boot/spring-boot-starter-test/1.5.1.RELEASE/spring-boot-starter-test-1.5.1.RELEASE.jar
7fb77c4e6000-7fb77c4e9000 r--s 0000c000 08:11 5977                       /home/dawid/.m2/repository/org/springframework/spring-aspects/4.3.6.RELEASE/spring-aspects-4.3.6.RELEASE.jar
7fb77c4e9000-7fb77c4eb000 r--s 00003000 08:11 5575                       /home/dawid/.m2/repository/org/slf4j/jcl-over-slf4j/1.7.22/jcl-over-slf4j-1.7.22.jar
7fb77c4eb000-7fb77c4ed000 r--s 00009000 08:11 5593                       /home/dawid/.m2/repository/org/slf4j/slf4j-api/1.7.22/slf4j-api-1.7.22.jar
7fb77c4ed000-7fb77c4f5000 r--s 0003a000 08:11 5976                       /home/dawid/.m2/repository/org/springframework/spring-tx/4.3.6.RELEASE/spring-tx-4.3.6.RELEASE.jar
7fb77c4f5000-7fb77c4ff000 r--s 0006b000 08:11 5980                       /home/dawid/.m2/repository/org/springframework/spring-orm/4.3.6.RELEASE/spring-orm-4.3.6.RELEASE.jar
7fb77c4ff000-7fb77c512000 r--s 000a8000 08:11 412628                     /home/dawid/.m2/repository/org/springframework/data/spring-data-commons/1.13.0.RELEASE/spring-data-commons-1.13.0.RELEASE.jar
7fb77c512000-7fb77c519000 r--s 00040000 08:11 412615                     /home/dawid/.m2/repository/org/springframework/data/spring-data-jpa/1.11.0.RELEASE/spring-data-jpa-1.11.0.RELEASE.jar
7fb77c519000-7fb77c51b000 r--s 00006000 08:11 412612                     /home/dawid/.m2/repository/javax/transaction/javax.transaction-api/1.2/javax.transaction-api-1.2.jar
7fb77c51b000-7fb77c528000 r--s 00089000 08:11 412620                     /home/dawid/.m2/repository/org/hibernate/hibernate-entitymanager/5.0.11.Final/hibernate-entitymanager-5.0.11.Final.jar
7fb77c528000-7fb77c52b000 r--s 00010000 08:11 412622                     /home/dawid/.m2/repository/org/hibernate/common/hibernate-commons-annotations/5.0.1.Final/hibernate-commons-annotations-5.0.1.Final.jar
7fb77c52b000-7fb77c530000 r--s 00048000 08:11 13011                      /home/dawid/.m2/repository/dom4j/dom4j/1.6.1/dom4j-1.6.1.jar
7fb77c530000-7fb77c533000 r--s 0002b000 08:11 412616                     /home/dawid/.m2/repository/org/jboss/jandex/2.0.0.Final/jandex-2.0.0.Final.jar
7fb77c533000-7fb77c538000 r--s 00068000 08:11 13029                      /home/dawid/.m2/repository/antlr/antlr/2.7.7/antlr-2.7.7.jar
7fb77c538000-7fb77c542000 r--s 000aa000 08:11 412618                     /home/dawid/.m2/repository/org/javassist/javassist/3.21.0-GA/javassist-3.21.0-GA.jar
7fb77c542000-7fb77c547000 r--s 00017000 08:11 412624                     /home/dawid/.m2/repository/org/hibernate/javax/persistence/hibernate-jpa-2.1-api/1.0.0.Final/hibernate-jpa-2.1-api-1.0.0.Final.jar
7fb77c547000-7fb77c5b0000 r--s 004f3000 08:11 412607                     /home/dawid/.m2/repository/org/hibernate/hibernate-core/5.0.11.Final/hibernate-core-5.0.11.Final.jar
7fb77c5b0000-7fb77c5ba000 r--s 0005f000 08:11 5982                       /home/dawid/.m2/repository/org/springframework/spring-jdbc/4.3.6.RELEASE/spring-jdbc-4.3.6.RELEASE.jar
7fb77c5ba000-7fb77c5bc000 r--s 00009000 08:11 5974                       /home/dawid/.m2/repository/org/apache/tomcat/tomcat-juli/8.5.11/tomcat-juli-8.5.11.jar
7fb77c5bc000-7fb77c5bf000 r--s 00020000 08:11 5972                       /home/dawid/.m2/repository/org/apache/tomcat/tomcat-jdbc/8.5.11/tomcat-jdbc-8.5.11.jar
7fb77c5bf000-7fb77c5c0000 r--s 00000000 08:11 412608                     /home/dawid/.m2/repository/org/springframework/boot/spring-boot-starter-jdbc/1.5.1.RELEASE/spring-boot-starter-jdbc-1.5.1.RELEASE.jar
7fb77c5c0000-7fb77c5d9000 r--s 001af000 08:11 412611                     /home/dawid/.m2/repository/org/aspectj/aspectjweaver/1.8.9/aspectjweaver-1.8.9.jar
7fb77c5d9000-7fb77c5da000 r--s 00000000 08:11 412604                     /home/dawid/.m2/repository/org/springframework/boot/spring-boot-starter-aop/1.5.1.RELEASE/spring-boot-starter-aop-1.5.1.RELEASE.jar
7fb77c5da000-7fb77c5db000 r--s 00000000 08:11 412602                     /home/dawid/.m2/repository/org/springframework/boot/spring-boot-starter-data-jpa/1.5.1.RELEASE/spring-boot-starter-data-jpa-1.5.1.RELEASE.jar
7fb77c5db000-7fb77c5e0000 r--s 0003c000 08:11 5617                       /home/dawid/.m2/repository/org/springframework/spring-expression/4.3.6.RELEASE/spring-expression-4.3.6.RELEASE.jar
7fb77c5e0000-7fb77c5f1000 r--s 000cf000 08:11 5621                       /home/dawid/.m2/repository/org/springframework/spring-webmvc/4.3.6.RELEASE/spring-webmvc-4.3.6.RELEASE.jar
7fb77c5f1000-7fb77c60a000 r--s 000fd000 08:11 5610                       /home/dawid/.m2/repository/org/springframework/spring-context/4.3.6.RELEASE/spring-context-4.3.6.RELEASE.jar
7fb77c60a000-7fb77c618000 r--s 000ad000 08:11 5572                       /home/dawid/.m2/repository/org/springframework/spring-beans/4.3.6.RELEASE/spring-beans-4.3.6.RELEASE.jar
7fb77c618000-7fb77c62a000 r--s 000b6000 08:11 5607                       /home/dawid/.m2/repository/org/springframework/spring-web/4.3.6.RELEASE/spring-web-4.3.6.RELEASE.jar
7fb77c62a000-7fb77c62e000 r--s 00041000 08:11 5603                       /home/dawid/.m2/repository/com/fasterxml/jackson/core/jackson-core/2.8.6/jackson-core-2.8.6.jar
7fb77c62e000-7fb77c631000 r--s 0000b000 08:11 5602                       /home/dawid/.m2/repository/com/fasterxml/jackson/core/jackson-annotations/2.8.0/jackson-annotations-2.8.0.jar
7fb77c631000-7fb77c642000 r--s 0011d000 08:11 5599                       /home/dawid/.m2/repository/com/fasterxml/jackson/core/jackson-databind/2.8.6/jackson-databind-2.8.6.jar
7fb77c642000-7fb77c644000 r--s 0000e000 08:11 5598                       /home/dawid/.m2/repository/com/fasterxml/classmate/1.3.3/classmate-1.3.3.jar
7fb77c644000-7fb77c646000 r--s 0000f000 08:11 5586                       /home/dawid/.m2/repository/org/jboss/logging/jboss-logging/3.3.0.Final/jboss-logging-3.3.0.Final.jar
7fb77c646000-7fb77c64a000 r--s 0000c000 08:11 5579                       /home/dawid/.m2/repository/javax/validation/validation-api/1.1.0.Final/validation-api-1.1.0.Final.jar
7fb77c64a000-7fb77c65b000 r--s 000a1000 08:11 5562                       /home/dawid/.m2/repository/org/hibernate/hibernate-validator/5.3.4.Final/hibernate-validator-5.3.4.Final.jar
7fb77c65b000-7fb77c660000 r--s 00036000 08:11 5585                       /home/dawid/.m2/repository/org/apache/tomcat/embed/tomcat-embed-websocket/8.5.11/tomcat-embed-websocket-8.5.11.jar
7fb77c660000-7fb77c665000 r--s 00036000 08:11 5583                       /home/dawid/.m2/repository/org/apache/tomcat/embed/tomcat-embed-el/8.5.11/tomcat-embed-el-8.5.11.jar
7fb77c665000-7fb77c68e000 r--s 002b8000 08:11 5591                       /home/dawid/.m2/repository/org/apache/tomcat/embed/tomcat-embed-core/8.5.11/tomcat-embed-core-8.5.11.jar
7fb77c68e000-7fb77c699000 r--s 00069000 08:11 5571                       /home/dawid/.m2/repository/ch/qos/logback/logback-core/1.1.9/logback-core-1.1.9.jar
7fb77c699000-7fb77c6b8000 r--s 000df000 08:11 5565                       /home/dawid/.m2/repository/org/springframework/boot/spring-boot-autoconfigure/1.5.1.RELEASE/spring-boot-autoconfigure-1.5.1.RELEASE.jar
7fb77c6b8000-7fb77c6c8000 r--s 00092000 08:11 5559                       /home/dawid/.m2/repository/org/springframework/boot/spring-boot/1.5.1.RELEASE/spring-boot-1.5.1.RELEASE.jar
7fb77c6c8000-7fb77c6db000 r--s 00345000 08:04 25912                      /media/dawid/A05600AF5600886C/UbuntuPrograms/jdk/jdk1.8.0_121/jre/lib/resources.jar
7fb77c6db000-7fb77c6dc000 ---p 00000000 00:00 0 
7fb77c6dc000-7fb77c7dc000 rw-p 00000000 00:00 0 
7fb77c7dc000-7fb77c7df000 ---p 00000000 00:00 0 
7fb77c7df000-7fb77c8dd000 rw-p 00000000 00:00 0 
7fb77c8dd000-7fb77c8e0000 ---p 00000000 00:00 0 
7fb77c8e0000-7fb77c9de000 rw-p 00000000 00:00 0 
7fb77c9de000-7fb77c9e1000 ---p 00000000 00:00 0 
7fb77c9e1000-7fb77cadf000 rw-p 00000000 00:00 0 
7fb77cadf000-7fb77cae2000 ---p 00000000 00:00 0 
7fb77cae2000-7fb77cbe0000 rw-p 00000000 00:00 0 
7fb77cbe0000-7fb77cbe3000 ---p 00000000 00:00 0 
7fb77cbe3000-7fb77cce1000 rw-p 00000000 00:00 0 
7fb77cce1000-7fb77d0eb000 r--p 00000000 08:11 522771                     /usr/lib/locale/locale-archive
7fb77d0eb000-7fb77d0ee000 ---p 00000000 00:00 0 
7fb77d0ee000-7fb77d1ec000 rw-p 00000000 00:00 0 
7fb77d1ec000-7fb77d1ef000 ---p 00000000 00:00 0 
7fb77d1ef000-7fb77d2ed000 rw-p 00000000 00:00 0 
7fb77d2ed000-7fb77d2ee000 ---p 00000000 00:00 0 
7fb77d2ee000-7fb781000000 rw-p 00000000 00:00 0 
7fb781000000-7fb781c90000 rwxp 00000000 00:00 0 
7fb781c90000-7fb790000000 ---p 00000000 00:00 0 
7fb790000000-7fb7911d5000 rw-p 00000000 00:00 0 
7fb7911d5000-7fb794000000 ---p 00000000 00:00 0 
7fb794000000-7fb794006000 r--s 0003d000 08:11 5573                       /home/dawid/.m2/repository/org/yaml/snakeyaml/1.17/snakeyaml-1.17.jar
7fb794006000-7fb79400c000 r--s 00045000 08:11 5570                       /home/dawid/.m2/repository/ch/qos/logback/logback-classic/1.1.9/logback-classic-1.1.9.jar
7fb79400c000-7fb79401e000 r--s 000d6000 08:04 25911                      /media/dawid/A05600AF5600886C/UbuntuPrograms/jdk/jdk1.8.0_121/jre/lib/plugin.jar
7fb79401e000-7fb794039000 r--s 00209000 08:04 25796                      /media/dawid/A05600AF5600886C/UbuntuPrograms/jdk/jdk1.8.0_121/jre/lib/deploy.jar
7fb794039000-7fb794e19000 rw-p 00000000 00:00 0 
7fb794e19000-7fb794ff2000 r--s 03d3e000 08:04 25680                      /media/dawid/A05600AF5600886C/UbuntuPrograms/jdk/jdk1.8.0_121/jre/lib/rt.jar
7fb794ff2000-7fb795c09000 rw-p 00000000 00:00 0 
7fb795c09000-7fb795c0a000 ---p 00000000 00:00 0 
7fb795c0a000-7fb795d0a000 rw-p 00000000 00:00 0 
7fb795d0a000-7fb795d0b000 ---p 00000000 00:00 0 
7fb795d0b000-7fb795e0b000 rw-p 00000000 00:00 0 
7fb795e0b000-7fb795e0c000 ---p 00000000 00:00 0 
7fb795e0c000-7fb795f0c000 rw-p 00000000 00:00 0 
7fb795f0c000-7fb795f0d000 ---p 00000000 00:00 0 
7fb795f0d000-7fb79603f000 rw-p 00000000 00:00 0 
7fb79603f000-7fb796279000 ---p 00000000 00:00 0 
7fb796279000-7fb7962ab000 rw-p 00000000 00:00 0 
7fb7962ab000-7fb7964e4000 ---p 00000000 00:00 0 
7fb7964e4000-7fb796546000 rw-p 00000000 00:00 0 
7fb796546000-7fb79661a000 ---p 00000000 00:00 0 
7fb79661a000-7fb79664e000 rw-p 00000000 00:00 0 
7fb79664e000-7fb7969db000 ---p 00000000 00:00 0 
7fb7969db000-7fb7969f5000 r-xp 00000000 08:04 25711                      /media/dawid/A05600AF5600886C/UbuntuPrograms/jdk/jdk1.8.0_121/jre/lib/amd64/libzip.so
7fb7969f5000-7fb796bf5000 ---p 0001a000 08:04 25711                      /media/dawid/A05600AF5600886C/UbuntuPrograms/jdk/jdk1.8.0_121/jre/lib/amd64/libzip.so
7fb796bf5000-7fb796bf6000 rw-p 0001a000 08:04 25711                      /media/dawid/A05600AF5600886C/UbuntuPrograms/jdk/jdk1.8.0_121/jre/lib/amd64/libzip.so
7fb796bf6000-7fb796c01000 r-xp 00000000 08:11 165087                     /lib/x86_64-linux-gnu/libnss_files-2.24.so
7fb796c01000-7fb796e00000 ---p 0000b000 08:11 165087                     /lib/x86_64-linux-gnu/libnss_files-2.24.so
7fb796e00000-7fb796e01000 r--p 0000a000 08:11 165087                     /lib/x86_64-linux-gnu/libnss_files-2.24.so
7fb796e01000-7fb796e02000 rw-p 0000b000 08:11 165087                     /lib/x86_64-linux-gnu/libnss_files-2.24.so
7fb796e02000-7fb796e08000 rw-p 00000000 00:00 0 
7fb796e08000-7fb796e13000 r-xp 00000000 08:11 165097                     /lib/x86_64-linux-gnu/libnss_nis-2.24.so
7fb796e13000-7fb797012000 ---p 0000b000 08:11 165097                     /lib/x86_64-linux-gnu/libnss_nis-2.24.so
7fb797012000-7fb797013000 r--p 0000a000 08:11 165097                     /lib/x86_64-linux-gnu/libnss_nis-2.24.so
7fb797013000-7fb797014000 rw-p 0000b000 08:11 165097                     /lib/x86_64-linux-gnu/libnss_nis-2.24.so
7fb797014000-7fb79702a000 r-xp 00000000 08:11 164999                     /lib/x86_64-linux-gnu/libnsl-2.24.so
7fb79702a000-7fb797229000 ---p 00016000 08:11 164999                     /lib/x86_64-linux-gnu/libnsl-2.24.so
7fb797229000-7fb79722a000 r--p 00015000 08:11 164999                     /lib/x86_64-linux-gnu/libnsl-2.24.so
7fb79722a000-7fb79722b000 rw-p 00016000 08:11 164999                     /lib/x86_64-linux-gnu/libnsl-2.24.so
7fb79722b000-7fb79722d000 rw-p 00000000 00:00 0 
7fb79722d000-7fb797235000 r-xp 00000000 08:11 165043                     /lib/x86_64-linux-gnu/libnss_compat-2.24.so
7fb797235000-7fb797434000 ---p 00008000 08:11 165043                     /lib/x86_64-linux-gnu/libnss_compat-2.24.so
7fb797434000-7fb797435000 r--p 00007000 08:11 165043                     /lib/x86_64-linux-gnu/libnss_compat-2.24.so
7fb797435000-7fb797436000 rw-p 00008000 08:11 165043                     /lib/x86_64-linux-gnu/libnss_compat-2.24.so
7fb797436000-7fb797461000 r-xp 00000000 08:04 25738                      /media/dawid/A05600AF5600886C/UbuntuPrograms/jdk/jdk1.8.0_121/jre/lib/amd64/libjava.so
7fb797461000-7fb797660000 ---p 0002b000 08:04 25738                      /media/dawid/A05600AF5600886C/UbuntuPrograms/jdk/jdk1.8.0_121/jre/lib/amd64/libjava.so
7fb797660000-7fb797662000 rw-p 0002a000 08:04 25738                      /media/dawid/A05600AF5600886C/UbuntuPrograms/jdk/jdk1.8.0_121/jre/lib/amd64/libjava.so
7fb797662000-7fb79766f000 r-xp 00000000 08:04 25689                      /media/dawid/A05600AF5600886C/UbuntuPrograms/jdk/jdk1.8.0_121/jre/lib/amd64/libverify.so
7fb79766f000-7fb79786e000 ---p 0000d000 08:04 25689                      /media/dawid/A05600AF5600886C/UbuntuPrograms/jdk/jdk1.8.0_121/jre/lib/amd64/libverify.so
7fb79786e000-7fb797870000 rw-p 0000c000 08:04 25689                      /media/dawid/A05600AF5600886C/UbuntuPrograms/jdk/jdk1.8.0_121/jre/lib/amd64/libverify.so
7fb797870000-7fb797877000 r-xp 00000000 08:11 165206                     /lib/x86_64-linux-gnu/librt-2.24.so
7fb797877000-7fb797a76000 ---p 00007000 08:11 165206                     /lib/x86_64-linux-gnu/librt-2.24.so
7fb797a76000-7fb797a77000 r--p 00006000 08:11 165206                     /lib/x86_64-linux-gnu/librt-2.24.so
7fb797a77000-7fb797a78000 rw-p 00007000 08:11 165206                     /lib/x86_64-linux-gnu/librt-2.24.so
7fb797a78000-7fb797b80000 r-xp 00000000 08:11 137620                     /lib/x86_64-linux-gnu/libm-2.24.so
7fb797b80000-7fb797d7f000 ---p 00108000 08:11 137620                     /lib/x86_64-linux-gnu/libm-2.24.so
7fb797d7f000-7fb797d80000 r--p 00107000 08:11 137620                     /lib/x86_64-linux-gnu/libm-2.24.so
7fb797d80000-7fb797d81000 rw-p 00108000 08:11 137620                     /lib/x86_64-linux-gnu/libm-2.24.so
7fb797d81000-7fb798a4f000 r-xp 00000000 08:04 25742                      /media/dawid/A05600AF5600886C/UbuntuPrograms/jdk/jdk1.8.0_121/jre/lib/amd64/server/libjvm.so
7fb798a4f000-7fb798c4f000 ---p 00cce000 08:04 25742                      /media/dawid/A05600AF5600886C/UbuntuPrograms/jdk/jdk1.8.0_121/jre/lib/amd64/server/libjvm.so
7fb798c4f000-7fb798d28000 rw-p 00cce000 08:04 25742                      /media/dawid/A05600AF5600886C/UbuntuPrograms/jdk/jdk1.8.0_121/jre/lib/amd64/server/libjvm.so
7fb798d28000-7fb798d73000 rw-p 00000000 00:00 0 
7fb798d73000-7fb798f30000 r-xp 00000000 08:11 137616                     /lib/x86_64-linux-gnu/libc-2.24.so
7fb798f30000-7fb799130000 ---p 001bd000 08:11 137616                     /lib/x86_64-linux-gnu/libc-2.24.so
7fb799130000-7fb799134000 r--p 001bd000 08:11 137616                     /lib/x86_64-linux-gnu/libc-2.24.so
7fb799134000-7fb799136000 rw-p 001c1000 08:11 137616                     /lib/x86_64-linux-gnu/libc-2.24.so
7fb799136000-7fb79913a000 rw-p 00000000 00:00 0 
7fb79913a000-7fb79913d000 r-xp 00000000 08:11 137619                     /lib/x86_64-linux-gnu/libdl-2.24.so
7fb79913d000-7fb79933c000 ---p 00003000 08:11 137619                     /lib/x86_64-linux-gnu/libdl-2.24.so
7fb79933c000-7fb79933d000 r--p 00002000 08:11 137619                     /lib/x86_64-linux-gnu/libdl-2.24.so
7fb79933d000-7fb79933e000 rw-p 00003000 08:11 137619                     /lib/x86_64-linux-gnu/libdl-2.24.so
7fb79933e000-7fb799353000 r-xp 00000000 08:04 24823                      /media/dawid/A05600AF5600886C/UbuntuPrograms/jdk/jdk1.8.0_121/lib/amd64/jli/libjli.so
7fb799353000-7fb799553000 ---p 00015000 08:04 24823                      /media/dawid/A05600AF5600886C/UbuntuPrograms/jdk/jdk1.8.0_121/lib/amd64/jli/libjli.so
7fb799553000-7fb799554000 rw-p 00015000 08:04 24823                      /media/dawid/A05600AF5600886C/UbuntuPrograms/jdk/jdk1.8.0_121/lib/amd64/jli/libjli.so
7fb799554000-7fb79956c000 r-xp 00000000 08:11 165172                     /lib/x86_64-linux-gnu/libpthread-2.24.so
7fb79956c000-7fb79976c000 ---p 00018000 08:11 165172                     /lib/x86_64-linux-gnu/libpthread-2.24.so
7fb79976c000-7fb79976d000 r--p 00018000 08:11 165172                     /lib/x86_64-linux-gnu/libpthread-2.24.so
7fb79976d000-7fb79976e000 rw-p 00019000 08:11 165172                     /lib/x86_64-linux-gnu/libpthread-2.24.so
7fb79976e000-7fb799772000 rw-p 00000000 00:00 0 
7fb799772000-7fb799797000 r-xp 00000000 08:11 135857                     /lib/x86_64-linux-gnu/ld-2.24.so
7fb799797000-7fb799798000 r--s 00000000 08:11 5587                       /home/dawid/.m2/repository/org/springframework/boot/spring-boot-starter-tomcat/1.5.1.RELEASE/spring-boot-starter-tomcat-1.5.1.RELEASE.jar
7fb799798000-7fb79979a000 r--s 00004000 08:11 5558                       /home/dawid/.m2/repository/org/slf4j/log4j-over-slf4j/1.7.22/log4j-over-slf4j-1.7.22.jar
7fb79979a000-7fb79979c000 r--s 00000000 08:11 5578                       /home/dawid/.m2/repository/org/slf4j/jul-to-slf4j/1.7.22/jul-to-slf4j-1.7.22.jar
7fb79979c000-7fb79979d000 r--s 00000000 08:11 5567                       /home/dawid/.m2/repository/org/springframework/boot/spring-boot-starter-logging/1.5.1.RELEASE/spring-boot-starter-logging-1.5.1.RELEASE.jar
7fb79979d000-7fb79979e000 r--s 00000000 08:11 5557                       /home/dawid/.m2/repository/org/springframework/boot/spring-boot-starter/1.5.1.RELEASE/spring-boot-starter-1.5.1.RELEASE.jar
7fb79979e000-7fb79979f000 r--s 00000000 08:11 5555                       /home/dawid/.m2/repository/org/springframework/boot/spring-boot-starter-web/1.5.1.RELEASE/spring-boot-starter-web-1.5.1.RELEASE.jar
7fb79979f000-7fb7997a3000 r--s 0009a000 08:04 25632                      /media/dawid/A05600AF5600886C/UbuntuPrograms/jdk/jdk1.8.0_121/jre/lib/jsse.jar
7fb7997a3000-7fb7997a8000 r--s 00084000 08:04 25787                      /media/dawid/A05600AF5600886C/UbuntuPrograms/jdk/jdk1.8.0_121/jre/lib/jfr.jar
7fb7997a8000-7fb799871000 rw-p 00000000 00:00 0 
7fb799871000-7fb799874000 ---p 00000000 00:00 0 
7fb799874000-7fb799974000 rw-p 00000000 00:00 0 
7fb799974000-7fb799975000 r--s 00000000 08:04 25759                      /media/dawid/A05600AF5600886C/UbuntuPrograms/jdk/jdk1.8.0_121/jre/lib/management-agent.jar
7fb799975000-7fb799977000 r--s 00007000 08:04 25753                      /media/dawid/A05600AF5600886C/UbuntuPrograms/jdk/jdk1.8.0_121/jre/lib/jfxswt.jar
7fb799977000-7fb79997a000 r--s 0001a000 08:04 25942                      /media/dawid/A05600AF5600886C/UbuntuPrograms/jdk/jdk1.8.0_121/jre/lib/jce.jar
7fb79997a000-7fb799984000 r--s 0006c000 08:04 25795                      /media/dawid/A05600AF5600886C/UbuntuPrograms/jdk/jdk1.8.0_121/jre/lib/javaws.jar
7fb799984000-7fb799989000 r--s 002f9000 08:04 25633                      /media/dawid/A05600AF5600886C/UbuntuPrograms/jdk/jdk1.8.0_121/jre/lib/charsets.jar
7fb799989000-7fb799991000 rw-s 00000000 08:11 28624                      /tmp/hsperfdata_dawid/23473
7fb799991000-7fb799992000 rw-p 00000000 00:00 0 
7fb799992000-7fb799993000 r--p 00000000 00:00 0 
7fb799993000-7fb799996000 rw-p 00000000 00:00 0 
7fb799996000-7fb799997000 r--p 00024000 08:11 135857                     /lib/x86_64-linux-gnu/ld-2.24.so
7fb799997000-7fb799998000 rw-p 00025000 08:11 135857                     /lib/x86_64-linux-gnu/ld-2.24.so
7fb799998000-7fb799999000 rw-p 00000000 00:00 0 
7ffde3055000-7ffde3079000 rw-p 00000000 00:00 0                          [stack]
7ffde31fa000-7ffde31fc000 r--p 00000000 00:00 0                          [vvar]
7ffde31fc000-7ffde31fe000 r-xp 00000000 00:00 0                          [vdso]
ffffffffff600000-ffffffffff601000 r-xp 00000000 00:00 0                  [vsyscall]

VM Arguments:
jvm_args: -Dspring.output.ansi.enabled=always -Didea.launcher.port=7536 -Didea.launcher.bin.path=/media/dawid/A05600AF5600886C/UbuntuPrograms/Intellij Idea/idea-IU-163.12024.16/bin -Dfile.encoding=UTF-8 
java_command: com.intellij.rt.execution.application.AppMain com.matuszak.engineer.Application
java_class_path (initial): /media/dawid/A05600AF5600886C/UbuntuPrograms/jdk/jdk1.8.0_121/jre/lib/charsets.jar:/media/dawid/A05600AF5600886C/UbuntuPrograms/jdk/jdk1.8.0_121/jre/lib/deploy.jar:/media/dawid/A05600AF5600886C/UbuntuPrograms/jdk/jdk1.8.0_121/jre/lib/ext/cldrdata.jar:/media/dawid/A05600AF5600886C/UbuntuPrograms/jdk/jdk1.8.0_121/jre/lib/ext/dnsns.jar:/media/dawid/A05600AF5600886C/UbuntuPrograms/jdk/jdk1.8.0_121/jre/lib/ext/jaccess.jar:/media/dawid/A05600AF5600886C/UbuntuPrograms/jdk/jdk1.8.0_121/jre/lib/ext/jfxrt.jar:/media/dawid/A05600AF5600886C/UbuntuPrograms/jdk/jdk1.8.0_121/jre/lib/ext/localedata.jar:/media/dawid/A05600AF5600886C/UbuntuPrograms/jdk/jdk1.8.0_121/jre/lib/ext/nashorn.jar:/media/dawid/A05600AF5600886C/UbuntuPrograms/jdk/jdk1.8.0_121/jre/lib/ext/sunec.jar:/media/dawid/A05600AF5600886C/UbuntuPrograms/jdk/jdk1.8.0_121/jre/lib/ext/sunjce_provider.jar:/media/dawid/A05600AF5600886C/UbuntuPrograms/jdk/jdk1.8.0_121/jre/lib/ext/sunpkcs11.jar:/media/dawid/A05600AF5600886C/UbuntuPrograms/jdk/jdk1.8.0_121/jre/lib/ext/zipfs.jar:/media/dawid/A05600AF5600886C/UbuntuPrograms/jdk/jdk1.8.0_121/jre/lib/javaws.jar:/media/dawid/A05600AF5600886C/UbuntuPrograms/jdk/jdk1.8.0_121/jre/lib/jce.jar:/media/dawid/A05600AF5600886C/UbuntuPrograms/jdk/jdk1.8.0_121/jre/lib/jfr.jar:/media/dawid/A05600AF5600886C/UbuntuPrograms/jdk/jdk1.8.0_121/jre/lib/jfxswt.jar:/media/dawid/A05600AF5600886C/UbuntuPrograms/jdk/jdk1.8.0_121/jre/lib/jsse.jar:/media/dawid/A05600AF5600886C/UbuntuPrograms/jdk/jdk1.8.0_121/jre/lib/management-agent.jar:/media/dawid/A05600AF5600886C/UbuntuPrograms/jdk/jdk1.8.0_121/jre/lib/plugin.jar:/media/dawid/A05600AF5600886C/UbuntuPrograms/jdk/jdk1.8.0_121/jre/lib/resources.jar:/media/dawid/A05600AF5600886C/UbuntuPrograms/jdk/jdk1.8.0_121/jre/lib/rt.jar:/home/dawid/IdeaProjects/TeamWorkSystem/target/classes:/home/dawid/.m2/repository/org/springframework/boot/spring-boot-starter-web/1.5.1.RELEASE/spring-boot-starter-web-1.5.1.RELEASE.jar:/home/dawid/.m2/reposito
Launcher Type: SUN_STANDARD

Environment Variables:
PATH=/home/dawid/bin:/home/dawid/.local/bin:/usr/local/sbin:/usr/local/bin:/usr/sbin:/usr/bin:/sbin:/bin:/usr/games:/usr/local/games:/snap/bin:/media/dawid/A05600AF5600886C/UbuntuPrograms/Intellij Idea/idea-IU-163.12024.16/bin
LD_LIBRARY_PATH=.:
SHELL=/bin/bash
DISPLAY=:0

Signal Handlers:
SIGSEGV: [libjvm.so+0xac78c0], sa_mask[0]=11111111011111111101111111111110, sa_flags=SA_RESTART|SA_SIGINFO
SIGBUS: [libjvm.so+0xac78c0], sa_mask[0]=11111111011111111101111111111110, sa_flags=SA_RESTART|SA_SIGINFO
SIGFPE: [libjvm.so+0x920ac0], sa_mask[0]=11111111011111111101111111111110, sa_flags=SA_RESTART|SA_SIGINFO
SIGPIPE: [libjvm.so+0x920ac0], sa_mask[0]=11111111011111111101111111111110, sa_flags=SA_RESTART|SA_SIGINFO
SIGXFSZ: [libjvm.so+0x920ac0], sa_mask[0]=11111111011111111101111111111110, sa_flags=SA_RESTART|SA_SIGINFO
SIGILL: [libjvm.so+0x920ac0], sa_mask[0]=11111111011111111101111111111110, sa_flags=SA_RESTART|SA_SIGINFO
SIGUSR1: SIG_DFL, sa_mask[0]=00000000000000000000000000000000, sa_flags=none
SIGUSR2: [libjvm.so+0x922300], sa_mask[0]=00100000000000000000000000000000, sa_flags=SA_RESTART|SA_SIGINFO
SIGHUP: [libjvm.so+0x923700], sa_mask[0]=11111111011111111101111111111110, sa_flags=SA_RESTART|SA_SIGINFO
SIGINT: [libjvm.so+0x923700], sa_mask[0]=11111111011111111101111111111110, sa_flags=SA_RESTART|SA_SIGINFO
SIGTERM: [libjvm.so+0x923700], sa_mask[0]=11111111011111111101111111111110, sa_flags=SA_RESTART|SA_SIGINFO
SIGQUIT: [libjvm.so+0x923700], sa_mask[0]=11111111011111111101111111111110, sa_flags=SA_RESTART|SA_SIGINFO


---------------  S Y S T E M  ---------------

OS:DISTRIB_ID=Ubuntu
DISTRIB_RELEASE=16.10
DISTRIB_CODENAME=yakkety
DISTRIB_DESCRIPTION="Ubuntu 16.10"

uname:Linux 4.8.0-41-generic #44-Ubuntu SMP Fri Mar 3 15:27:17 UTC 2017 x86_64
libc:glibc 2.24 NPTL 2.24 
rlimit: STACK 8192k, CORE 0k, NPROC 29547, NOFILE 4096, AS infinity
load average:2,25 1,45 1,12

/proc/meminfo:
MemTotal:        7607408 kB
MemFree:          304208 kB
MemAvailable:    2509036 kB
Buffers:          803048 kB
Cached:          1756380 kB
SwapCached:          184 kB
Active:          4326204 kB
Inactive:        2686632 kB
Active(anon):    3422576 kB
Inactive(anon):  1210556 kB
Active(file):     903628 kB
Inactive(file):  1476076 kB
Unevictable:          48 kB
Mlocked:              48 kB
SwapTotal:       7811068 kB
SwapFree:        7787264 kB
Dirty:             29504 kB
Writeback:             0 kB
AnonPages:       4228652 kB
Mapped:           451576 kB
Shmem:            179680 kB
Slab:             182420 kB
SReclaimable:      89060 kB
SUnreclaim:        93360 kB
KernelStack:       12080 kB
PageTables:        43948 kB
NFS_Unstable:          0 kB
Bounce:                0 kB
WritebackTmp:          0 kB
CommitLimit:    11614772 kB
Committed_AS:    9331504 kB
VmallocTotal:   34359738367 kB
VmallocUsed:           0 kB
VmallocChunk:          0 kB
HardwareCorrupted:     0 kB
AnonHugePages:    978944 kB
ShmemHugePages:        0 kB
ShmemPmdMapped:        0 kB
CmaTotal:              0 kB
CmaFree:               0 kB
HugePages_Total:       0
HugePages_Free:        0
HugePages_Rsvd:        0
HugePages_Surp:        0
Hugepagesize:       2048 kB
DirectMap4k:      288852 kB
DirectMap2M:     7524352 kB


CPU:total 4 (2 cores per cpu, 2 threads per core) family 6 model 58 stepping 9, cmov, cx8, fxsr, mmx, sse, sse2, sse3, ssse3, sse4.1, sse4.2, popcnt, avx, aes, clmul, erms, ht, tsc, tscinvbit, tscinv

/proc/cpuinfo:
processor	: 0
vendor_id	: GenuineIntel
cpu family	: 6
model		: 58
model name	: Intel(R) Core(TM) i5-3317U CPU @ 1.70GHz
stepping	: 9
microcode	: 0x15
cpu MHz		: 2399.963
cache size	: 3072 KB
physical id	: 0
siblings	: 4
core id		: 0
cpu cores	: 2
apicid		: 0
initial apicid	: 0
fpu		: yes
fpu_exception	: yes
cpuid level	: 13
wp		: yes
flags		: fpu vme de pse tsc msr pae mce cx8 apic sep mtrr pge mca cmov pat pse36 clflush dts acpi mmx fxsr sse sse2 ss ht tm pbe syscall nx rdtscp lm constant_tsc arch_perfmon pebs bts rep_good nopl xtopology nonstop_tsc aperfmperf eagerfpu pni pclmulqdq dtes64 monitor ds_cpl vmx est tm2 ssse3 cx16 xtpr pdcm pcid sse4_1 sse4_2 x2apic popcnt tsc_deadline_timer aes xsave avx f16c rdrand lahf_lm epb tpr_shadow vnmi flexpriority ept vpid fsgsbase smep erms xsaveopt dtherm ida arat pln pts
bugs		:
bogomips	: 3392.43
clflush size	: 64
cache_alignment	: 64
address sizes	: 36 bits physical, 48 bits virtual
power management:

processor	: 1
vendor_id	: GenuineIntel
cpu family	: 6
model		: 58
model name	: Intel(R) Core(TM) i5-3317U CPU @ 1.70GHz
stepping	: 9
microcode	: 0x15
cpu MHz		: 2399.963
cache size	: 3072 KB
physical id	: 0
siblings	: 4
core id		: 1
cpu cores	: 2
apicid		: 2
initial apicid	: 2
fpu		: yes
fpu_exception	: yes
cpuid level	: 13
wp		: yes
flags		: fpu vme de pse tsc msr pae mce cx8 apic sep mtrr pge mca cmov pat pse36 clflush dts acpi mmx fxsr sse sse2 ss ht tm pbe syscall nx rdtscp lm constant_tsc arch_perfmon pebs bts rep_good nopl xtopology nonstop_tsc aperfmperf eagerfpu pni pclmulqdq dtes64 monitor ds_cpl vmx est tm2 ssse3 cx16 xtpr pdcm pcid sse4_1 sse4_2 x2apic popcnt tsc_deadline_timer aes xsave avx f16c rdrand lahf_lm epb tpr_shadow vnmi flexpriority ept vpid fsgsbase smep erms xsaveopt dtherm ida arat pln pts
bugs		:
bogomips	: 3392.43
clflush size	: 64
cache_alignment	: 64
address sizes	: 36 bits physical, 48 bits virtual
power management:

processor	: 2
vendor_id	: GenuineIntel
cpu family	: 6
model		: 58
model name	: Intel(R) Core(TM) i5-3317U CPU @ 1.70GHz
stepping	: 9
microcode	: 0x15
cpu MHz		: 2399.963
cache size	: 3072 KB
physical id	: 0
siblings	: 4
core id		: 0
cpu cores	: 2
apicid		: 1
initial apicid	: 1
fpu		: yes
fpu_exception	: yes
cpuid level	: 13
wp		: yes
flags		: fpu vme de pse tsc msr pae mce cx8 apic sep mtrr pge mca cmov pat pse36 clflush dts acpi mmx fxsr sse sse2 ss ht tm pbe syscall nx rdtscp lm constant_tsc arch_perfmon pebs bts rep_good nopl xtopology nonstop_tsc aperfmperf eagerfpu pni pclmulqdq dtes64 monitor ds_cpl vmx est tm2 ssse3 cx16 xtpr pdcm pcid sse4_1 sse4_2 x2apic popcnt tsc_deadline_timer aes xsave avx f16c rdrand lahf_lm epb tpr_shadow vnmi flexpriority ept vpid fsgsbase smep erms xsaveopt dtherm ida arat pln pts
bugs		:
bogomips	: 3392.43
clflush size	: 64
cache_alignment	: 64
address sizes	: 36 bits physical, 48 bits virtual
power management:

processor	: 3
vendor_id	: GenuineIntel
cpu family	: 6
model		: 58
model name	: Intel(R) Core(TM) i5-3317U CPU @ 1.70GHz
stepping	: 9
microcode	: 0x15
cpu MHz		: 2399.963
cache size	: 3072 KB
physical id	: 0
siblings	: 4
core id		: 1
cpu cores	: 2
apicid		: 3
initial apicid	: 3
fpu		: yes
fpu_exception	: yes
cpuid level	: 13
wp		: yes
flags		: fpu vme de pse tsc msr pae mce cx8 apic sep mtrr pge mca cmov pat pse36 clflush dts acpi mmx fxsr sse sse2 ss ht tm pbe syscall nx rdtscp lm constant_tsc arch_perfmon pebs bts rep_good nopl xtopology nonstop_tsc aperfmperf eagerfpu pni pclmulqdq dtes64 monitor ds_cpl vmx est tm2 ssse3 cx16 xtpr pdcm pcid sse4_1 sse4_2 x2apic popcnt tsc_deadline_timer aes xsave avx f16c rdrand lahf_lm epb tpr_shadow vnmi flexpriority ept vpid fsgsbase smep erms xsaveopt dtherm ida arat pln pts
bugs		:
bogomips	: 3392.43
clflush size	: 64
cache_alignment	: 64
address sizes	: 36 bits physical, 48 bits virtual
power management:



Memory: 4k page, physical 7607408k(304208k free), swap 7811068k(7787264k free)

vm_info: Java HotSpot(TM) 64-Bit Server VM (25.121-b13) for linux-amd64 JRE (1.8.0_121-b13), built on Dec 12 2016 16:36:53 by "java_re" with gcc 4.3.0 20080428 (Red Hat 4.3.0-8)

time: Tue Mar 28 13:29:58 2017
elapsed time: 13 seconds (0d 0h 0m 13s)

