#
# A fatal error has been detected by the Java Runtime Environment:
#
#  SIGSEGV (0xb) at pc=0x00007f4b74a9f933, pid=32210, tid=0x00007f4b7208b700
#
# JRE version: Java(TM) SE Runtime Environment (8.0_151-b12) (build 1.8.0_151-b12)
# Java VM: Java HotSpot(TM) 64-Bit Server VM (25.151-b12 mixed mode linux-amd64 compressed oops)
# Problematic frame:
# V  [libjvm.so+0x992933]  oopDesc* PSPromotionManager::copy_to_survivor_space<false>(oopDesc*)+0x143
#
# Failed to write core dump. Core dumps have been disabled. To enable core dumping, try "ulimit -c unlimited" before starting Java again
#
# If you would like to submit a bug report, please visit:
#   http://bugreport.java.com/bugreport/crash.jsp
#

---------------  T H R E A D  ---------------

Current thread (0x00007f4b6c026000):  GCTaskThread [stack: 0x00007f4b71f8b000,0x00007f4b7208c000] [id=32215]

siginfo: si_signo: 11 (SIGSEGV), si_code: 1 (SEGV_MAPERR), si_addr: 0x0000000461bdb748

Registers:
RAX=0x00007f4b750a39a0, RBX=0x00000000e86e9d80, RCX=0x0000000000000003, RDX=0x0000000000000001
RSP=0x00007f4b7208aa20, RBP=0x00007f4b7208aa90, RSI=0x00000000e9227210, RDI=0x0000000461bdb740
R8 =0x00000000e86e9d70, R9 =0x00007f4b750d70f0, R10=0x00007f4b750c7eb9, R11=0x00007f4b7208aa40
R12=0x00000000e9227210, R13=0x8c5f243800000000, R14=0x0000000000000000, R15=0x00007f4b6c141168
RIP=0x00007f4b74a9f933, EFLAGS=0x0000000000010202, CSGSFS=0x002b000000000033, ERR=0x0000000000000004
  TRAPNO=0x000000000000000e

Top of Stack: (sp=0x00007f4b7208aa20)
0x00007f4b7208aa20:   00000000e9606e9d 00007f4b750c7eb9
0x00007f4b7208aa30:   0000000100001938 00007f4b6c141100
0x00007f4b7208aa40:   00000000e86d2855 00007f4b7476040c
0x00007f4b7208aa50:   00000000dc59e422 0000000000001000
0x00007f4b7208aa60:   00000000dc087b58 00000000e86e9d80
0x00007f4b7208aa70:   00007f4b6c141100 00007f4b750a3990
0x00007f4b7208aa80:   0000000000000000 00007f4b6c141168
0x00007f4b7208aa90:   00007f4b7208ab80 00007f4b74a9f200
0x00007f4b7208aaa0:   00007f4b7208ab00 00007f4b7208ab10
0x00007f4b7208aab0:   00007f4b7208ab20 00007f4b7208aae0
0x00007f4b7208aac0:   00007f4b7208aaf0 00007f4b7208ab40
0x00007f4b7208aad0:   00000000e9558020 00007f4b6c141198
0x00007f4b7208aae0:   000000008c4db098 00007f4b6c141160
0x00007f4b7208aaf0:   00007f4b6c01ca70 000000008c4db114
0x00007f4b7208ab00:   00007f4b7208ab80 00007f4b74a122bf
0x00007f4b7208ab10:   000000010002b378 000000008c4db2f0
0x00007f4b7208ab20:   00007f4b7208ab80 00007f4b74760210
0x00007f4b7208ab30:   000000008c4daffd 00007f4b750d70f0
0x00007f4b7208ab40:   00000000e86e9d81 00007f4b6c141160
0x00007f4b7208ab50:   0000000000000000 000000008c4db418
0x00007f4b7208ab60:   000000008c4db400 00007f4b723fc6da
0x00007f4b7208ab70:   00007f4b6c01ca70 00007f4b723fc701
0x00007f4b7208ab80:   00007f4b7208ac40 00007f4b7450eeae
0x00007f4b7208ab90:   00007f4b6c023a80 00007f4b723fc700
0x00007f4b7208aba0:   00007f4b723fc683 00007f4b750c7eb9
0x00007f4b7208abb0:   00007f4b6c141100 000000008c7a21e0
0x00007f4b7208abc0:   00007f4b6c01c7b0 00007f4b723fdd11
0x00007f4b7208abd0:   000000008c4d9010 0000000000000200
0x00007f4b7208abe0:   000000008c4e0010 00007f4b723fc6cf
0x00007f4b7208abf0:   0000000000000240 00007f4b723fc800
0x00007f4b7208ac00:   00007f4b723fc880 00007f4b723fc6da
0x00007f4b7208ac10:   00007f4b723fc6cf 00007f4b6c052dd0 

Instructions: (pc=0x00007f4b74a9f933)
0x00007f4b74a9f913:   83 e0 07 48 83 f8 05 75 d3 31 db eb d6 48 8b 05
0x00007f4b74a9f923:   b1 4e 5e 00 8b 7e 08 8b 48 08 48 d3 e7 48 03 38
0x00007f4b74a9f933:   8b 77 08 83 fe 00 0f 8f 0a ff ff ff 0f 85 4b 02
0x00007f4b74a9f943:   00 00 0f 1f 00 48 8b 07 4c 89 e6 4c 89 55 98 ff 

Register to memory mapping:

RAX=0x00007f4b750a39a0: <offset 0xf969a0> in /usr/lib/jvm/java-8-oracle/jre/lib/amd64/server/libjvm.so at 0x00007f4b7410d000
RBX=0x00000000e86e9d80 is an oop

[error occurred during error reporting (printing register info), id 0xb]

Stack: [0x00007f4b71f8b000,0x00007f4b7208c000],  sp=0x00007f4b7208aa20,  free space=1022k
Native frames: (J=compiled Java code, j=interpreted, Vv=VM code, C=native code)
V  [libjvm.so+0x992933]  oopDesc* PSPromotionManager::copy_to_survivor_space<false>(oopDesc*)+0x143
V  [libjvm.so+0x992200]  PSPromotionManager::drain_stacks_depth(bool)+0x830
V  [libjvm.so+0x401eae]  CardTableExtension::scavenge_contents_parallel(ObjectStartArray*, MutableSpace*, HeapWord*, PSPromotionManager*, unsigned int, unsigned int)+0xafe
V  [libjvm.so+0x995a7b]  OldToYoungRootsTask::do_it(GCTaskManager*, unsigned int)+0x4b
V  [libjvm.so+0x5daecf]  GCTaskThread::run()+0x12f
V  [libjvm.so+0x92a728]  java_start(Thread*)+0x108


---------------  P R O C E S S  ---------------

Java Threads: ( => current thread )
  0x00007f4b14121000 JavaThread "Abandoned connection cleanup thread" daemon [_thread_blocked, id=32252, stack(0x00007f4b4116c000,0x00007f4b4126d000)]
  0x00007f4b1411a000 JavaThread "Tomcat JDBC Pool Cleaner[414493378:1510686575872]" daemon [_thread_blocked, id=32251, stack(0x00007f4b4126d000,0x00007f4b4136e000)]
  0x00007f4b1030d000 JavaThread "localhost-startStop-1" daemon [_thread_blocked, id=32250, stack(0x00007f4b42016000,0x00007f4b42117000)]
  0x00007f4b6ce8b800 JavaThread "Tomcat-startStop-1" daemon [_thread_blocked, id=32249, stack(0x00007f4b58469000,0x00007f4b5856a000)]
  0x00007f4b6c54e800 JavaThread "Service Thread" daemon [_thread_blocked, id=32239, stack(0x00007f4b58874000,0x00007f4b58975000)]
  0x00007f4b6c54b800 JavaThread "C1 CompilerThread2" daemon [_thread_blocked, id=32238, stack(0x00007f4b58975000,0x00007f4b58a76000)]
  0x00007f4b6c549800 JavaThread "C2 CompilerThread1" daemon [_thread_in_native, id=32237, stack(0x00007f4b58a76000,0x00007f4b58b77000)]
  0x00007f4b6c548000 JavaThread "C2 CompilerThread0" daemon [_thread_blocked, id=32236, stack(0x00007f4b58d8e000,0x00007f4b58e8f000)]
  0x00007f4b6c533800 JavaThread "Monitor Ctrl-Break" daemon [_thread_in_native, id=32235, stack(0x00007f4b58e8f000,0x00007f4b58f90000)]
  0x00007f4b6c184800 JavaThread "Signal Dispatcher" daemon [_thread_blocked, id=32228, stack(0x00007f4b591ec000,0x00007f4b592ed000)]
  0x00007f4b6c150000 JavaThread "Finalizer" daemon [_thread_blocked, id=32224, stack(0x00007f4b592ed000,0x00007f4b593ee000)]
  0x00007f4b6c14b800 JavaThread "Reference Handler" daemon [_thread_blocked, id=32223, stack(0x00007f4b593ee000,0x00007f4b594ef000)]
  0x00007f4b6c00f000 JavaThread "main" [_thread_blocked, id=32212, stack(0x00007f4b75c09000,0x00007f4b75d0a000)]

Other Threads:
  0x00007f4b6c144000 VMThread [stack: 0x00007f4b594ef000,0x00007f4b595f0000] [id=32222]
  0x00007f4b6c553800 WatcherThread [stack: 0x00007f4b58773000,0x00007f4b58874000] [id=32240]

=>0x00007f4b6c026000 (exited) GCTaskThread [stack: 0x00007f4b71f8b000,0x00007f4b7208c000] [id=32215]

VM state:at safepoint (normal execution)

VM Mutex/Monitor currently owned by a thread:  ([mutex/lock_event])
[0x00007f4b6c00b2c0] Threads_lock - owner thread: 0x00007f4b6c144000
[0x00007f4b6c00b7c0] Heap_lock - owner thread: 0x00007f4b1030d000

Heap:
 PSYoungGen      total 241152K, used 175830K [0x00000000d9500000, 0x00000000e9a80000, 0x0000000100000000)
  eden space 231936K, 71% used [0x00000000d9500000,0x00000000e37de0a8,0x00000000e7780000)
  from space 9216K, 98% used [0x00000000e9180000,0x00000000e9a57a00,0x00000000e9a80000)
  to   space 13312K, 58% used [0x00000000e8080000,0x00000000e8828950,0x00000000e8d80000)
 ParOldGen       total 51712K, used 9880K [0x000000008be00000, 0x000000008f080000, 0x00000000d9500000)
  object space 51712K, 19% used [0x000000008be00000,0x000000008c7a61f0,0x000000008f080000)
 Metaspace       used 34921K, capacity 35310K, committed 35496K, reserved 1081344K
  class space    used 4420K, capacity 4528K, committed 4608K, reserved 1048576K

Card table byte_map: [0x00007f4b723f9000,0x00007f4b7279b000] byte_map_base: 0x00007f4b71f9a000

Marking Bits: (ParMarkBitMap*) 0x00007f4b750d6f80
 Begin Bits: [0x00007f4b595f0000, 0x00007f4b5b2f8000)
 End Bits:   [0x00007f4b5b2f8000, 0x00007f4b5d000000)

Polling page: 0x00007f4b75d27000

CodeCache: size=245760Kb used=11026Kb max_used=11026Kb free=234733Kb
 bounds [0x00007f4b5d000000, 0x00007f4b5dad0000, 0x00007f4b6c000000]
 total_blobs=3512 nmethods=3063 adapters=362
 compilation: enabled

Compilation events (10 events):
Event: 12,564 Thread 0x00007f4b6c54b800 3464       3       java.lang.Character::isDigit (5 bytes)
Event: 12,565 Thread 0x00007f4b6c54b800 nmethod 3464 0x00007f4b5dacdf10 code [0x00007f4b5dace0a0, 0x00007f4b5dace3f8]
Event: 12,565 Thread 0x00007f4b6c54b800 3485       3       java.lang.Character::isDigit (15 bytes)
Event: 12,565 Thread 0x00007f4b6c54b800 nmethod 3485 0x00007f4b5dace550 code [0x00007f4b5dace6e0, 0x00007f4b5dace9d8]
Event: 12,565 Thread 0x00007f4b6c54b800 3487       3       com.mysql.jdbc.ConnectionPropertiesImpl::getNoDatetimeStringSync (8 bytes)
Event: 12,565 Thread 0x00007f4b6c54b800 nmethod 3487 0x00007f4b5daceb10 code [0x00007f4b5dacec80, 0x00007f4b5dacefd0]
Event: 12,565 Thread 0x00007f4b6c54b800 3486       1       com.mysql.jdbc.RowDataStatic::isDynamic (2 bytes)
Event: 12,566 Thread 0x00007f4b6c54b800 nmethod 3486 0x00007f4b5dac6b90 code [0x00007f4b5dac6ce0, 0x00007f4b5dac6df0]
Event: 12,566 Thread 0x00007f4b6c54b800 3473       3       com.mysql.jdbc.Field::determineNeedsQuoting (93 bytes)
Event: 12,566 Thread 0x00007f4b6c54b800 nmethod 3473 0x00007f4b5dacf110 code [0x00007f4b5dacf280, 0x00007f4b5dacf430]

GC Heap History (10 events):
Event: 4,984 GC heap after
Heap after GC invocations=3 (full 0):
 PSYoungGen      total 66048K, used 4597K [0x00000000d9500000, 0x00000000e1600000, 0x0000000100000000)
  eden space 61440K, 0% used [0x00000000d9500000,0x00000000d9500000,0x00000000dd100000)
  from space 4608K, 99% used [0x00000000dd100000,0x00000000dd57d470,0x00000000dd580000)
  to   space 4608K, 0% used [0x00000000e1180000,0x00000000e1180000,0x00000000e1600000)
 ParOldGen       total 80896K, used 9831K [0x000000008be00000, 0x0000000090d00000, 0x00000000d9500000)
  object space 80896K, 12% used [0x000000008be00000,0x000000008c799ca0,0x0000000090d00000)
 Metaspace       used 17219K, capacity 17422K, committed 17536K, reserved 1064960K
  class space    used 2105K, capacity 2165K, committed 2176K, reserved 1048576K
}
Event: 5,972 GC heap before
{Heap before GC invocations=4 (full 0):
 PSYoungGen      total 66048K, used 66037K [0x00000000d9500000, 0x00000000e1600000, 0x0000000100000000)
  eden space 61440K, 100% used [0x00000000d9500000,0x00000000dd100000,0x00000000dd100000)
  from space 4608K, 99% used [0x00000000dd100000,0x00000000dd57d470,0x00000000dd580000)
  to   space 4608K, 0% used [0x00000000e1180000,0x00000000e1180000,0x00000000e1600000)
 ParOldGen       total 80896K, used 9831K [0x000000008be00000, 0x0000000090d00000, 0x00000000d9500000)
  object space 80896K, 12% used [0x000000008be00000,0x000000008c799ca0,0x0000000090d00000)
 Metaspace       used 20851K, capacity 21144K, committed 21296K, reserved 1069056K
  class space    used 2559K, capacity 2647K, committed 2688K, reserved 1048576K
Event: 5,985 GC heap after
Heap after GC invocations=4 (full 0):
 PSYoungGen      total 127488K, used 4606K [0x00000000d9500000, 0x00000000e1600000, 0x0000000100000000)
  eden space 122880K, 0% used [0x00000000d9500000,0x00000000d9500000,0x00000000e0d00000)
  from space 4608K, 99% used [0x00000000e1180000,0x00000000e15ffbd8,0x00000000e1600000)
  to   space 4608K, 0% used [0x00000000e0d00000,0x00000000e0d00000,0x00000000e1180000)
 ParOldGen       total 80896K, used 14011K [0x000000008be00000, 0x0000000090d00000, 0x00000000d9500000)
  object space 80896K, 17% used [0x000000008be00000,0x000000008cbaed28,0x0000000090d00000)
 Metaspace       used 20851K, capacity 21144K, committed 21296K, reserved 1069056K
  class space    used 2559K, capacity 2647K, committed 2688K, reserved 1048576K
}
Event: 6,001 GC heap before
{Heap before GC invocations=5 (full 0):
 PSYoungGen      total 127488K, used 6539K [0x00000000d9500000, 0x00000000e1600000, 0x0000000100000000)
  eden space 122880K, 1% used [0x00000000d9500000,0x00000000d96e30a0,0x00000000e0d00000)
  from space 4608K, 99% used [0x00000000e1180000,0x00000000e15ffbd8,0x00000000e1600000)
  to   space 4608K, 0% used [0x00000000e0d00000,0x00000000e0d00000,0x00000000e1180000)
 ParOldGen       total 80896K, used 14011K [0x000000008be00000, 0x0000000090d00000, 0x00000000d9500000)
  object space 80896K, 17% used [0x000000008be00000,0x000000008cbaed28,0x0000000090d00000)
 Metaspace       used 20946K, capacity 21208K, committed 21296K, reserved 1069056K
  class space    used 2574K, capacity 2647K, committed 2688K, reserved 1048576K
Event: 6,010 GC heap after
Heap after GC invocations=5 (full 0):
 PSYoungGen      total 127488K, used 4577K [0x00000000d9500000, 0x00000000e9e00000, 0x0000000100000000)
  eden space 122880K, 0% used [0x00000000d9500000,0x00000000d9500000,0x00000000e0d00000)
  from space 4608K, 99% used [0x00000000e0d00000,0x00000000e1178440,0x00000000e1180000)
  to   space 12800K, 0% used [0x00000000e9180000,0x00000000e9180000,0x00000000e9e00000)
 ParOldGen       total 80896K, used 14092K [0x000000008be00000, 0x0000000090d00000, 0x00000000d9500000)
  object space 80896K, 17% used [0x000000008be00000,0x000000008cbc3390,0x0000000090d00000)
 Metaspace       used 20946K, capacity 21208K, committed 21296K, reserved 1069056K
  class space    used 2574K, capacity 2647K, committed 2688K, reserved 1048576K
}
Event: 6,010 GC heap before
{Heap before GC invocations=6 (full 1):
 PSYoungGen      total 127488K, used 4577K [0x00000000d9500000, 0x00000000e9e00000, 0x0000000100000000)
  eden space 122880K, 0% used [0x00000000d9500000,0x00000000d9500000,0x00000000e0d00000)
  from space 4608K, 99% used [0x00000000e0d00000,0x00000000e1178440,0x00000000e1180000)
  to   space 12800K, 0% used [0x00000000e9180000,0x00000000e9180000,0x00000000e9e00000)
 ParOldGen       total 80896K, used 14092K [0x000000008be00000, 0x0000000090d00000, 0x00000000d9500000)
  object space 80896K, 17% used [0x000000008be00000,0x000000008cbc3390,0x0000000090d00000)
 Metaspace       used 20946K, capacity 21208K, committed 21296K, reserved 1069056K
  class space    used 2574K, capacity 2647K, committed 2688K, reserved 1048576K
Event: 6,068 GC heap after
Heap after GC invocations=6 (full 1):
 PSYoungGen      total 127488K, used 0K [0x00000000d9500000, 0x00000000e9e00000, 0x0000000100000000)
  eden space 122880K, 0% used [0x00000000d9500000,0x00000000d9500000,0x00000000e0d00000)
  from space 4608K, 0% used [0x00000000e0d00000,0x00000000e0d00000,0x00000000e1180000)
  to   space 12800K, 0% used [0x00000000e9180000,0x00000000e9180000,0x00000000e9e00000)
 ParOldGen       total 51712K, used 9856K [0x000000008be00000, 0x000000008f080000, 0x00000000d9500000)
  object space 51712K, 19% used [0x000000008be00000,0x000000008c7a01e0,0x000000008f080000)
 Metaspace       used 20946K, capacity 21208K, committed 21296K, reserved 1069056K
  class space    used 2574K, capacity 2647K, committed 2688K, reserved 1048576K
}
Event: 8,464 GC heap before
{Heap before GC invocations=7 (full 1):
 PSYoungGen      total 127488K, used 122880K [0x00000000d9500000, 0x00000000e9e00000, 0x0000000100000000)
  eden space 122880K, 100% used [0x00000000d9500000,0x00000000e0d00000,0x00000000e0d00000)
  from space 4608K, 0% used [0x00000000e0d00000,0x00000000e0d00000,0x00000000e1180000)
  to   space 12800K, 0% used [0x00000000e9180000,0x00000000e9180000,0x00000000e9e00000)
 ParOldGen       total 51712K, used 9856K [0x000000008be00000, 0x000000008f080000, 0x00000000d9500000)
  object space 51712K, 19% used [0x000000008be00000,0x000000008c7a01e0,0x000000008f080000)
 Metaspace       used 26836K, capacity 27192K, committed 27264K, reserved 1073152K
  class space    used 3345K, capacity 3431K, committed 3456K, reserved 1048576K
Event: 8,483 GC heap after
Heap after GC invocations=7 (full 1):
 PSYoungGen      total 241152K, used 9054K [0x00000000d9500000, 0x00000000e9a80000, 0x0000000100000000)
  eden space 231936K, 0% used [0x00000000d9500000,0x00000000d9500000,0x00000000e7780000)
  from space 9216K, 98% used [0x00000000e9180000,0x00000000e9a57a00,0x00000000e9a80000)
  to   space 13312K, 0% used [0x00000000e8080000,0x00000000e8080000,0x00000000e8d80000)
 ParOldGen       total 51712K, used 9864K [0x000000008be00000, 0x000000008f080000, 0x00000000d9500000)
  object space 51712K, 19% used [0x000000008be00000,0x000000008c7a21e0,0x000000008f080000)
 Metaspace       used 26836K, capacity 27192K, committed 27264K, reserved 1073152K
  class space    used 3345K, capacity 3431K, committed 3456K, reserved 1048576K
}
Event: 12,587 GC heap before
{Heap before GC invocations=8 (full 1):
 PSYoungGen      total 241152K, used 175830K [0x00000000d9500000, 0x00000000e9a80000, 0x0000000100000000)
  eden space 231936K, 71% used [0x00000000d9500000,0x00000000e37de0a8,0x00000000e7780000)
  from space 9216K, 98% used [0x00000000e9180000,0x00000000e9a57a00,0x00000000e9a80000)
  to   space 13312K, 0% used [0x00000000e8080000,0x00000000e8080000,0x00000000e8d80000)
 ParOldGen       total 51712K, used 9864K [0x000000008be00000, 0x000000008f080000, 0x00000000d9500000)
  object space 51712K, 19% used [0x000000008be00000,0x000000008c7a21e0,0x000000008f080000)
 Metaspace       used 34921K, capacity 35310K, committed 35496K, reserved 1081344K
  class space    used 4420K, capacity 4528K, committed 4608K, reserved 1048576K

Deoptimization events (10 events):
Event: 10,369 Thread 0x00007f4b1030d000 Uncommon trap: reason=unstable_if action=reinterpret pc=0x00007f4b5d2755a0 method=sun.nio.cs.UTF_8$Decoder.decode([BII[C)I @ 30
Event: 11,548 Thread 0x00007f4b1030d000 Uncommon trap: reason=unstable_if action=reinterpret pc=0x00007f4b5d60bd94 method=java.net.URL.<init>(Ljava/net/URL;Ljava/lang/String;Ljava/net/URLStreamHandler;)V @ 57
Event: 12,017 Thread 0x00007f4b1030d000 Uncommon trap: reason=bimorphic action=maybe_recompile pc=0x00007f4b5da6a948 method=java.lang.ClassLoader.loadClass(Ljava/lang/String;Z)Ljava/lang/Class; @ 2
Event: 12,017 Thread 0x00007f4b1030d000 Uncommon trap: reason=unstable_if action=reinterpret pc=0x00007f4b5d2aec00 method=java.lang.ClassLoader.getClassLoadingLock(Ljava/lang/String;)Ljava/lang/Object; @ 6
Event: 12,020 Thread 0x00007f4b1030d000 Uncommon trap: reason=bimorphic action=maybe_recompile pc=0x00007f4b5da6a948 method=java.lang.ClassLoader.loadClass(Ljava/lang/String;Z)Ljava/lang/Class; @ 2
Event: 12,450 Thread 0x00007f4b1030d000 Uncommon trap: reason=bimorphic action=maybe_recompile pc=0x00007f4b5da8e720 method=java.lang.ClassLoader.loadClass(Ljava/lang/String;)Ljava/lang/Class; @ 3
Event: 12,450 Thread 0x00007f4b1030d000 Uncommon trap: reason=bimorphic action=maybe_recompile pc=0x00007f4b5da6a948 method=java.lang.ClassLoader.loadClass(Ljava/lang/String;Z)Ljava/lang/Class; @ 2
Event: 12,486 Thread 0x00007f4b1030d000 Uncommon trap: reason=class_check action=maybe_recompile pc=0x00007f4b5da467f4 method=java.util.TreeMap.put(Ljava/lang/Object;Ljava/lang/Object;)Ljava/lang/Object; @ 127
Event: 12,487 Thread 0x00007f4b1030d000 Uncommon trap: reason=class_check action=maybe_recompile pc=0x00007f4b5da467f4 method=java.util.TreeMap.put(Ljava/lang/Object;Ljava/lang/Object;)Ljava/lang/Object; @ 127
Event: 12,487 Thread 0x00007f4b1030d000 Uncommon trap: reason=class_check action=maybe_recompile pc=0x00007f4b5da467f4 method=java.util.TreeMap.put(Ljava/lang/Object;Ljava/lang/Object;)Ljava/lang/Object; @ 127

Internal exceptions (10 events):
Event: 11,408 Thread 0x00007f4b1030d000 Exception <a 'java/lang/ClassNotFoundException': org/springframework/context/weaving/LoadTimeWeaverAwareCustomizer> (0x00000000e0ab4830) thrown at [/HUDSON/workspace/8-2-build-linux-amd64/jdk8u151/9699/hotspot/src/share/vm/classfile/systemDictionary.cpp, 
Event: 11,410 Thread 0x00007f4b1030d000 Exception <a 'java/lang/ClassNotFoundException': org/springframework/beans/factory/FactoryBeanCustomizer> (0x00000000e0ad01f0) thrown at [/HUDSON/workspace/8-2-build-linux-amd64/jdk8u151/9699/hotspot/src/share/vm/classfile/systemDictionary.cpp, line 210]
Event: 11,412 Thread 0x00007f4b1030d000 Exception <a 'java/lang/ClassNotFoundException': org/springframework/beans/factory/BeanClassLoaderAwareCustomizer> (0x00000000e0af0630) thrown at [/HUDSON/workspace/8-2-build-linux-amd64/jdk8u151/9699/hotspot/src/share/vm/classfile/systemDictionary.cpp, l
Event: 11,413 Thread 0x00007f4b1030d000 Exception <a 'java/lang/ClassNotFoundException': org/springframework/beans/factory/BeanFactoryAwareCustomizer> (0x00000000e0b0d520) thrown at [/HUDSON/workspace/8-2-build-linux-amd64/jdk8u151/9699/hotspot/src/share/vm/classfile/systemDictionary.cpp, line 
Event: 11,415 Thread 0x00007f4b1030d000 Exception <a 'java/lang/ClassNotFoundException': org/springframework/beans/factory/BeanNameAwareCustomizer> (0x00000000e0b29d70) thrown at [/HUDSON/workspace/8-2-build-linux-amd64/jdk8u151/9699/hotspot/src/share/vm/classfile/systemDictionary.cpp, line 210
Event: 11,416 Thread 0x00007f4b1030d000 Exception <a 'java/lang/ClassNotFoundException': org/springframework/beans/factory/InitializingBeanCustomizer> (0x00000000e0b46ca8) thrown at [/HUDSON/workspace/8-2-build-linux-amd64/jdk8u151/9699/hotspot/src/share/vm/classfile/systemDictionary.cpp, line 
Event: 11,418 Thread 0x00007f4b1030d000 Exception <a 'java/lang/ClassNotFoundException': org/springframework/beans/factory/DisposableBeanCustomizer> (0x00000000e0b62728) thrown at [/HUDSON/workspace/8-2-build-linux-amd64/jdk8u151/9699/hotspot/src/share/vm/classfile/systemDictionary.cpp, line 21
Event: 11,419 Thread 0x00007f4b1030d000 Exception <a 'java/lang/ClassNotFoundException': org/springframework/orm/jpa/EntityManagerFactoryInfoCustomizer> (0x00000000e0b7fa78) thrown at [/HUDSON/workspace/8-2-build-linux-amd64/jdk8u151/9699/hotspot/src/share/vm/classfile/systemDictionary.cpp, lin
Event: 11,422 Thread 0x00007f4b1030d000 Exception <a 'java/lang/ClassNotFoundException': org/springframework/dao/support/PersistenceExceptionTranslatorCustomizer> (0x00000000e0ba95f0) thrown at [/HUDSON/workspace/8-2-build-linux-amd64/jdk8u151/9699/hotspot/src/share/vm/classfile/systemDictionar
Event: 11,423 Thread 0x00007f4b1030d000 Exception <a 'java/lang/ClassNotFoundException': java/io/SerializableCustomizer> (0x00000000e0bb5778) thrown at [/HUDSON/workspace/8-2-build-linux-amd64/jdk8u151/9699/hotspot/src/share/vm/classfile/systemDictionary.cpp, line 210]

Events (10 events):
Event: 12,584 loading class org/hibernate/type/CustomCollectionType done
Event: 12,584 loading class org/hibernate/type/EntityType
Event: 12,584 loading class org/hibernate/type/EntityType done
Event: 12,585 loading class org/hibernate/type/OneToOneType
Event: 12,585 loading class org/hibernate/type/OneToOneType done
Event: 12,586 loading class org/hibernate/type/SpecialOneToOneType
Event: 12,586 loading class org/hibernate/type/SpecialOneToOneType done
Event: 12,586 loading class org/hibernate/type/ManyToOneType
Event: 12,586 loading class org/hibernate/type/ManyToOneType done
Event: 12,587 Executing VM operation: CollectForMetadataAllocation


Dynamic libraries:
00400000-00401000 r-xp 00000000 08:11 791650                             /usr/lib/jvm/java-8-oracle/bin/java
00600000-00601000 rw-p 00000000 08:11 791650                             /usr/lib/jvm/java-8-oracle/bin/java
006f0000-00711000 rw-p 00000000 00:00 0                                  [heap]
8be00000-8f080000 rw-p 00000000 00:00 0 
8f080000-d9500000 ---p 00000000 00:00 0 
d9500000-e9a80000 rw-p 00000000 00:00 0 
e9a80000-100000000 ---p 00000000 00:00 0 
100000000-100480000 rw-p 00000000 00:00 0 
100480000-140000000 ---p 00000000 00:00 0 
7f4b08000000-7f4b08021000 rw-p 00000000 00:00 0 
7f4b08021000-7f4b0c000000 ---p 00000000 00:00 0 
7f4b0c000000-7f4b0c021000 rw-p 00000000 00:00 0 
7f4b0c021000-7f4b10000000 ---p 00000000 00:00 0 
7f4b10000000-7f4b10310000 rw-p 00000000 00:00 0 
7f4b10310000-7f4b14000000 ---p 00000000 00:00 0 
7f4b14000000-7f4b14317000 rw-p 00000000 00:00 0 
7f4b14317000-7f4b18000000 ---p 00000000 00:00 0 
7f4b18000000-7f4b18021000 rw-p 00000000 00:00 0 
7f4b18021000-7f4b1c000000 ---p 00000000 00:00 0 
7f4b1c000000-7f4b1c021000 rw-p 00000000 00:00 0 
7f4b1c021000-7f4b20000000 ---p 00000000 00:00 0 
7f4b20000000-7f4b20feb000 rw-p 00000000 00:00 0 
7f4b20feb000-7f4b24000000 ---p 00000000 00:00 0 
7f4b24000000-7f4b25287000 rw-p 00000000 00:00 0 
7f4b25287000-7f4b28000000 ---p 00000000 00:00 0 
7f4b28000000-7f4b297dc000 rw-p 00000000 00:00 0 
7f4b297dc000-7f4b2c000000 ---p 00000000 00:00 0 
7f4b2cfff000-7f4b30000000 rw-p 00000000 00:00 0 
7f4b30000000-7f4b30021000 rw-p 00000000 00:00 0 
7f4b30021000-7f4b34000000 ---p 00000000 00:00 0 
7f4b34000000-7f4b34021000 rw-p 00000000 00:00 0 
7f4b34021000-7f4b38000000 ---p 00000000 00:00 0 
7f4b38000000-7f4b38021000 rw-p 00000000 00:00 0 
7f4b38021000-7f4b3c000000 ---p 00000000 00:00 0 
7f4b3c000000-7f4b3c021000 rw-p 00000000 00:00 0 
7f4b3c021000-7f4b40000000 ---p 00000000 00:00 0 
7f4b40b6c000-7f4b40b96000 rw-p 00000000 00:00 0 
7f4b40b96000-7f4b40d6c000 ---p 00000000 00:00 0 
7f4b40d6c000-7f4b40f6c000 rw-p 00000000 00:00 0 
7f4b40f6c000-7f4b4116c000 rw-p 00000000 00:00 0 
7f4b4116c000-7f4b4116f000 ---p 00000000 00:00 0 
7f4b4116f000-7f4b4126d000 rw-p 00000000 00:00 0 
7f4b4126d000-7f4b41270000 ---p 00000000 00:00 0 
7f4b41270000-7f4b4156e000 rw-p 00000000 00:00 0 
7f4b4156e000-7f4b4176e000 rw-p 00000000 00:00 0 
7f4b4176f000-7f4b4196f000 rw-p 00000000 00:00 0 
7f4b4196f000-7f4b41b6f000 rw-p 00000000 00:00 0 
7f4b41b6f000-7f4b41c05000 r--s 01110000 08:11 808466                     /usr/lib/jvm/java-8-oracle/jre/lib/ext/jfxrt.jar
7f4b41c05000-7f4b41e05000 rw-p 00000000 00:00 0 
7f4b41e05000-7f4b41e16000 r-xp 00000000 08:11 808621                     /usr/lib/jvm/java-8-oracle/jre/lib/amd64/libnio.so
7f4b41e16000-7f4b42015000 ---p 00011000 08:11 808621                     /usr/lib/jvm/java-8-oracle/jre/lib/amd64/libnio.so
7f4b42015000-7f4b42016000 rw-p 00010000 08:11 808621                     /usr/lib/jvm/java-8-oracle/jre/lib/amd64/libnio.so
7f4b42016000-7f4b42019000 ---p 00000000 00:00 0 
7f4b42019000-7f4b42317000 rw-p 00000000 00:00 0 
7f4b42317000-7f4b42517000 rw-p 00000000 00:00 0 
7f4b42517000-7f4b44000000 r--p 00000000 08:11 793339                     /usr/lib/locale/locale-archive
7f4b44000000-7f4b44021000 rw-p 00000000 00:00 0 
7f4b44021000-7f4b48000000 ---p 00000000 00:00 0 
7f4b48000000-7f4b48021000 rw-p 00000000 00:00 0 
7f4b48021000-7f4b4c000000 ---p 00000000 00:00 0 
7f4b4c000000-7f4b4c2a6000 rw-p 00000000 00:00 0 
7f4b4c2a6000-7f4b50000000 ---p 00000000 00:00 0 
7f4b50000000-7f4b50021000 rw-p 00000000 00:00 0 
7f4b50021000-7f4b54000000 ---p 00000000 00:00 0 
7f4b54000000-7f4b54021000 rw-p 00000000 00:00 0 
7f4b54021000-7f4b58000000 ---p 00000000 00:00 0 
7f4b5805f000-7f4b58064000 r--s 0009a000 08:11 808461                     /usr/lib/jvm/java-8-oracle/jre/lib/jsse.jar
7f4b58064000-7f4b58264000 rw-p 00000000 00:00 0 
7f4b58264000-7f4b58464000 rw-p 00000000 00:00 0 
7f4b58464000-7f4b58469000 r--s 002f9000 08:11 808402                     /usr/lib/jvm/java-8-oracle/jre/lib/charsets.jar
7f4b58469000-7f4b5846c000 ---p 00000000 00:00 0 
7f4b5846c000-7f4b5856a000 rw-p 00000000 00:00 0 
7f4b5856a000-7f4b58573000 r-xp 00000000 08:11 808626                     /usr/lib/jvm/java-8-oracle/jre/lib/amd64/libmanagement.so
7f4b58573000-7f4b58772000 ---p 00009000 08:11 808626                     /usr/lib/jvm/java-8-oracle/jre/lib/amd64/libmanagement.so
7f4b58772000-7f4b58773000 rw-p 00008000 08:11 808626                     /usr/lib/jvm/java-8-oracle/jre/lib/amd64/libmanagement.so
7f4b58773000-7f4b58774000 ---p 00000000 00:00 0 
7f4b58774000-7f4b58874000 rw-p 00000000 00:00 0 
7f4b58874000-7f4b58877000 ---p 00000000 00:00 0 
7f4b58877000-7f4b58975000 rw-p 00000000 00:00 0 
7f4b58975000-7f4b58978000 ---p 00000000 00:00 0 
7f4b58978000-7f4b58a76000 rw-p 00000000 00:00 0 
7f4b58a76000-7f4b58a79000 ---p 00000000 00:00 0 
7f4b58a79000-7f4b58b77000 rw-p 00000000 00:00 0 
7f4b58b77000-7f4b58b8e000 r-xp 00000000 08:11 808618                     /usr/lib/jvm/java-8-oracle/jre/lib/amd64/libnet.so
7f4b58b8e000-7f4b58d8d000 ---p 00017000 08:11 808618                     /usr/lib/jvm/java-8-oracle/jre/lib/amd64/libnet.so
7f4b58d8d000-7f4b58d8e000 rw-p 00016000 08:11 808618                     /usr/lib/jvm/java-8-oracle/jre/lib/amd64/libnet.so
7f4b58d8e000-7f4b58d91000 ---p 00000000 00:00 0 
7f4b58d91000-7f4b58e8f000 rw-p 00000000 00:00 0 
7f4b58e8f000-7f4b58e92000 ---p 00000000 00:00 0 
7f4b58e92000-7f4b58f90000 rw-p 00000000 00:00 0 
7f4b58f90000-7f4b58f92000 r--s 0001a000 08:01 21629091                   /home/dawid/Programs/Intellij Idea/lib/idea_rt.jar
7f4b58f92000-7f4b58f9e000 r--s 0007b000 08:01 22676350                   /home/dawid/.m2/repository/org/modelmapper/modelmapper/1.1.0/modelmapper-1.1.0.jar
7f4b58f9e000-7f4b58fa0000 r--s 00000000 08:01 22676384                   /home/dawid/.m2/repository/aopalliance/aopalliance/1.0/aopalliance-1.0.jar
7f4b58fa0000-7f4b58fac000 r--s 00055000 08:01 22676318                   /home/dawid/.m2/repository/org/springframework/security/spring-security-core/4.2.1.RELEASE/spring-security-core-4.2.1.RELEASE.jar
7f4b58fac000-7f4b58fae000 r--s 00009000 08:01 22676381                   /home/dawid/.m2/repository/org/objenesis/objenesis/2.1/objenesis-2.1.jar
7f4b58fae000-7f4b58fca000 r--s 00103000 08:01 22676245                   /home/dawid/.m2/repository/org/mockito/mockito-core/1.10.19/mockito-core-1.10.19.jar
7f4b58fca000-7f4b58fd9000 r--s 00084000 08:01 22676321                   /home/dawid/.m2/repository/org/springframework/spring-test/4.3.6.RELEASE/spring-test-4.3.6.RELEASE.jar
7f4b58fd9000-7f4b58fef000 r--s 000fb000 08:01 22676248                   /home/dawid/.m2/repository/org/springframework/spring-core/4.3.6.RELEASE/spring-core-4.3.6.RELEASE.jar
7f4b58fef000-7f4b58ff0000 r--s 00004000 08:01 22676383                   /home/dawid/.m2/repository/com/vaadin/external/google/android-json/0.0.20131108.vaadin1/android-json-0.0.20131108.vaadin1.jar
7f4b58ff0000-7f4b58ff2000 r--s 00006000 08:01 22676382                   /home/dawid/.m2/repository/org/skyscreamer/jsonassert/1.4.0/jsonassert-1.4.0.jar
7f4b58ff2000-7f4b58ff3000 r--s 0000c000 08:01 22676339                   /home/dawid/.m2/repository/org/hamcrest/hamcrest-library/1.3/hamcrest-library-1.3.jar
7f4b58ff3000-7f4b58ff5000 r--s 00009000 08:01 22676317                   /home/dawid/.m2/repository/org/hamcrest/hamcrest-core/1.3/hamcrest-core-1.3.jar
7f4b58ff5000-7f4b58ffd000 r--s 00045000 08:01 22676315                   /home/dawid/.m2/repository/junit/junit/4.12/junit-4.12.jar
7f4b58ffd000-7f4b58ffe000 r--s 0000c000 08:01 22676375                   /home/dawid/.m2/repository/org/ow2/asm/asm/5.0.3/asm-5.0.3.jar
7f4b58ffe000-7f4b59000000 r--s 00012000 08:01 22676254                   /home/dawid/.m2/repository/net/minidev/accessors-smart/1.1/accessors-smart-1.1.jar
7f4b59000000-7f4b59003000 r--s 0001b000 08:01 22676293                   /home/dawid/.m2/repository/net/minidev/json-smart/2.2.1/json-smart-2.2.1.jar
7f4b59003000-7f4b59008000 r--s 0002e000 08:01 22676368                   /home/dawid/.m2/repository/com/jayway/jsonpath/json-path/2.2.0/json-path-2.2.0.jar
7f4b59008000-7f4b5900d000 r--s 00019000 08:01 22676366                   /home/dawid/.m2/repository/org/springframework/boot/spring-boot-test-autoconfigure/1.5.1.RELEASE/spring-boot-test-autoconfigure-1.5.1.RELEASE.jar
7f4b5900d000-7f4b59011000 r--s 0001f000 08:01 22676369                   /home/dawid/.m2/repository/org/springframework/boot/spring-boot-test/1.5.1.RELEASE/spring-boot-test-1.5.1.RELEASE.jar
7f4b59011000-7f4b59012000 r--s 00000000 08:01 22676307                   /home/dawid/.m2/repository/org/springframework/boot/spring-boot-starter-test/1.5.1.RELEASE/spring-boot-starter-test-1.5.1.RELEASE.jar
7f4b59012000-7f4b59016000 r--s 00018000 08:01 22676303                   /home/dawid/.m2/repository/io/jsonwebtoken/jjwt/0.7.0/jjwt-0.7.0.jar
7f4b59016000-7f4b59021000 r--s 00053000 08:01 22676347                   /home/dawid/.m2/repository/org/springframework/security/spring-security-web/4.2.1.RELEASE/spring-security-web-4.2.1.RELEASE.jar
7f4b59021000-7f4b5902b000 r--s 00086000 08:01 22676308                   /home/dawid/.m2/repository/org/springframework/security/spring-security-config/4.2.1.RELEASE/spring-security-config-4.2.1.RELEASE.jar
7f4b5902b000-7f4b59034000 r--s 00054000 08:01 22676388                   /home/dawid/.m2/repository/org/springframework/spring-aop/4.3.6.RELEASE/spring-aop-4.3.6.RELEASE.jar
7f4b59034000-7f4b59035000 r--s 00000000 08:01 22676349                   /home/dawid/.m2/repository/org/springframework/boot/spring-boot-starter-security/1.5.1.RELEASE/spring-boot-starter-security-1.5.1.RELEASE.jar
7f4b59035000-7f4b5903f000 r--s 000e9000 08:01 22676345                   /home/dawid/.m2/repository/mysql/mysql-connector-java/5.1.41/mysql-connector-java-5.1.41.jar
7f4b5903f000-7f4b59042000 r--s 0000c000 08:01 22676294                   /home/dawid/.m2/repository/org/springframework/spring-aspects/4.3.6.RELEASE/spring-aspects-4.3.6.RELEASE.jar
7f4b59042000-7f4b59044000 r--s 00003000 08:01 22676316                   /home/dawid/.m2/repository/org/slf4j/jcl-over-slf4j/1.7.22/jcl-over-slf4j-1.7.22.jar
7f4b59044000-7f4b59046000 r--s 00009000 08:01 22676373                   /home/dawid/.m2/repository/org/slf4j/slf4j-api/1.7.22/slf4j-api-1.7.22.jar
7f4b59046000-7f4b5904e000 r--s 0003a000 08:01 22676312                   /home/dawid/.m2/repository/org/springframework/spring-tx/4.3.6.RELEASE/spring-tx-4.3.6.RELEASE.jar
7f4b5904e000-7f4b59058000 r--s 0006b000 08:01 22676291                   /home/dawid/.m2/repository/org/springframework/spring-orm/4.3.6.RELEASE/spring-orm-4.3.6.RELEASE.jar
7f4b59058000-7f4b5906b000 r--s 000a8000 08:01 22676310                   /home/dawid/.m2/repository/org/springframework/data/spring-data-commons/1.13.0.RELEASE/spring-data-commons-1.13.0.RELEASE.jar
7f4b5906b000-7f4b59072000 r--s 00040000 08:01 22676323                   /home/dawid/.m2/repository/org/springframework/data/spring-data-jpa/1.11.0.RELEASE/spring-data-jpa-1.11.0.RELEASE.jar
7f4b59072000-7f4b59074000 r--s 00006000 08:01 22676329                   /home/dawid/.m2/repository/javax/transaction/javax.transaction-api/1.2/javax.transaction-api-1.2.jar
7f4b59074000-7f4b59081000 r--s 00089000 08:01 22676334                   /home/dawid/.m2/repository/org/hibernate/hibernate-entitymanager/5.0.11.Final/hibernate-entitymanager-5.0.11.Final.jar
7f4b59081000-7f4b59084000 r--s 00010000 08:01 22676338                   /home/dawid/.m2/repository/org/hibernate/common/hibernate-commons-annotations/5.0.1.Final/hibernate-commons-annotations-5.0.1.Final.jar
7f4b59084000-7f4b59089000 r--s 00048000 08:01 22676299                   /home/dawid/.m2/repository/dom4j/dom4j/1.6.1/dom4j-1.6.1.jar
7f4b59089000-7f4b5908c000 r--s 0002b000 08:01 22676327                   /home/dawid/.m2/repository/org/jboss/jandex/2.0.0.Final/jandex-2.0.0.Final.jar
7f4b5908c000-7f4b59091000 r--s 00068000 08:01 22676283                   /home/dawid/.m2/repository/antlr/antlr/2.7.7/antlr-2.7.7.jar
7f4b59091000-7f4b5909b000 r--s 000aa000 08:01 22676325                   /home/dawid/.m2/repository/org/javassist/javassist/3.21.0-GA/javassist-3.21.0-GA.jar
7f4b5909b000-7f4b590a0000 r--s 00017000 08:01 22676269                   /home/dawid/.m2/repository/org/hibernate/javax/persistence/hibernate-jpa-2.1-api/1.0.0.Final/hibernate-jpa-2.1-api-1.0.0.Final.jar
7f4b590a0000-7f4b59109000 r--s 004f3000 08:01 22676320                   /home/dawid/.m2/repository/org/hibernate/hibernate-core/5.0.11.Final/hibernate-core-5.0.11.Final.jar
7f4b59109000-7f4b59113000 r--s 0005f000 08:01 22676273                   /home/dawid/.m2/repository/org/springframework/spring-jdbc/4.3.6.RELEASE/spring-jdbc-4.3.6.RELEASE.jar
7f4b59113000-7f4b59115000 r--s 00009000 08:01 22676296                   /home/dawid/.m2/repository/org/apache/tomcat/tomcat-juli/8.5.11/tomcat-juli-8.5.11.jar
7f4b59115000-7f4b59118000 r--s 00020000 08:01 22676302                   /home/dawid/.m2/repository/org/apache/tomcat/tomcat-jdbc/8.5.11/tomcat-jdbc-8.5.11.jar
7f4b59118000-7f4b59119000 r--s 00000000 08:01 22676305                   /home/dawid/.m2/repository/org/springframework/boot/spring-boot-starter-jdbc/1.5.1.RELEASE/spring-boot-starter-jdbc-1.5.1.RELEASE.jar
7f4b59119000-7f4b59132000 r--s 001af000 08:01 22676319                   /home/dawid/.m2/repository/org/aspectj/aspectjweaver/1.8.9/aspectjweaver-1.8.9.jar
7f4b59132000-7f4b59133000 r--s 00000000 08:01 22676306                   /home/dawid/.m2/repository/org/springframework/boot/spring-boot-starter-aop/1.5.1.RELEASE/spring-boot-starter-aop-1.5.1.RELEASE.jar
7f4b59133000-7f4b59138000 r--s 0003c000 08:01 22676354                   /home/dawid/.m2/repository/org/springframework/spring-expression/4.3.6.RELEASE/spring-expression-4.3.6.RELEASE.jar
7f4b59138000-7f4b59149000 r--s 000cf000 08:01 22676259                   /home/dawid/.m2/repository/org/springframework/spring-webmvc/4.3.6.RELEASE/spring-webmvc-4.3.6.RELEASE.jar
7f4b59149000-7f4b59162000 r--s 000fd000 08:01 22676400                   /home/dawid/.m2/repository/org/springframework/spring-context/4.3.6.RELEASE/spring-context-4.3.6.RELEASE.jar
7f4b59162000-7f4b59170000 r--s 000ad000 08:01 22676389                   /home/dawid/.m2/repository/org/springframework/spring-beans/4.3.6.RELEASE/spring-beans-4.3.6.RELEASE.jar
7f4b59170000-7f4b59182000 r--s 000b6000 08:01 22676344                   /home/dawid/.m2/repository/org/springframework/spring-web/4.3.6.RELEASE/spring-web-4.3.6.RELEASE.jar
7f4b59182000-7f4b59186000 r--s 00041000 08:01 22676288                   /home/dawid/.m2/repository/com/fasterxml/jackson/core/jackson-core/2.8.6/jackson-core-2.8.6.jar
7f4b59186000-7f4b59189000 r--s 0000b000 08:01 22676287                   /home/dawid/.m2/repository/com/fasterxml/jackson/core/jackson-annotations/2.8.0/jackson-annotations-2.8.0.jar
7f4b59189000-7f4b5919a000 r--s 0011d000 08:01 22676313                   /home/dawid/.m2/repository/com/fasterxml/jackson/core/jackson-databind/2.8.6/jackson-databind-2.8.6.jar
7f4b5919a000-7f4b5919c000 r--s 0000e000 08:01 22676262                   /home/dawid/.m2/repository/com/fasterxml/classmate/1.3.3/classmate-1.3.3.jar
7f4b5919c000-7f4b5919e000 r--s 0000f000 08:01 22676328                   /home/dawid/.m2/repository/org/jboss/logging/jboss-logging/3.3.0.Final/jboss-logging-3.3.0.Final.jar
7f4b5919e000-7f4b591a2000 r--s 0000c000 08:01 22676280                   /home/dawid/.m2/repository/javax/validation/validation-api/1.1.0.Final/validation-api-1.1.0.Final.jar
7f4b591a2000-7f4b591b3000 r--s 000a1000 08:01 22676272                   /home/dawid/.m2/repository/org/hibernate/hibernate-validator/5.3.4.Final/hibernate-validator-5.3.4.Final.jar
7f4b591b3000-7f4b591b8000 r--s 00036000 08:01 22676270                   /home/dawid/.m2/repository/org/apache/tomcat/embed/tomcat-embed-websocket/8.5.11/tomcat-embed-websocket-8.5.11.jar
7f4b591b8000-7f4b591bd000 r--s 00036000 08:01 22676277                   /home/dawid/.m2/repository/org/apache/tomcat/embed/tomcat-embed-el/8.5.11/tomcat-embed-el-8.5.11.jar
7f4b591bd000-7f4b591e6000 r--s 002b8000 08:01 22676275                   /home/dawid/.m2/repository/org/apache/tomcat/embed/tomcat-embed-core/8.5.11/tomcat-embed-core-8.5.11.jar
7f4b591e6000-7f4b591ec000 r--s 0003d000 08:01 22676271                   /home/dawid/.m2/repository/org/yaml/snakeyaml/1.17/snakeyaml-1.17.jar
7f4b591ec000-7f4b591ef000 ---p 00000000 00:00 0 
7f4b591ef000-7f4b592ed000 rw-p 00000000 00:00 0 
7f4b592ed000-7f4b592f0000 ---p 00000000 00:00 0 
7f4b592f0000-7f4b593ee000 rw-p 00000000 00:00 0 
7f4b593ee000-7f4b593f1000 ---p 00000000 00:00 0 
7f4b593f1000-7f4b594ef000 rw-p 00000000 00:00 0 
7f4b594ef000-7f4b594f0000 ---p 00000000 00:00 0 
7f4b594f0000-7f4b5d000000 rw-p 00000000 00:00 0 
7f4b5d000000-7f4b5dad0000 rwxp 00000000 00:00 0 
7f4b5dad0000-7f4b6c000000 ---p 00000000 00:00 0 
7f4b6c000000-7f4b6ce8d000 rw-p 00000000 00:00 0 
7f4b6ce8d000-7f4b70000000 ---p 00000000 00:00 0 
7f4b70000000-7f4b70001000 r--s 00000000 08:01 22676281                   /home/dawid/.m2/repository/org/springframework/boot/spring-boot-starter-data-jpa/1.5.1.RELEASE/spring-boot-starter-data-jpa-1.5.1.RELEASE.jar
7f4b70001000-7f4b70002000 r--s 00000000 08:01 22676261                   /home/dawid/.m2/repository/org/springframework/boot/spring-boot-starter-tomcat/1.5.1.RELEASE/spring-boot-starter-tomcat-1.5.1.RELEASE.jar
7f4b70002000-7f4b70004000 r--s 00004000 08:01 22676241                   /home/dawid/.m2/repository/org/slf4j/log4j-over-slf4j/1.7.22/log4j-over-slf4j-1.7.22.jar
7f4b70004000-7f4b70006000 r--s 00000000 08:01 22676266                   /home/dawid/.m2/repository/org/slf4j/jul-to-slf4j/1.7.22/jul-to-slf4j-1.7.22.jar
7f4b70006000-7f4b70011000 r--s 00069000 08:01 22676243                   /home/dawid/.m2/repository/ch/qos/logback/logback-core/1.1.9/logback-core-1.1.9.jar
7f4b70011000-7f4b70017000 r--s 00045000 08:01 22676256                   /home/dawid/.m2/repository/ch/qos/logback/logback-classic/1.1.9/logback-classic-1.1.9.jar
7f4b70017000-7f4b70018000 r--s 00000000 08:01 22676252                   /home/dawid/.m2/repository/org/springframework/boot/spring-boot-starter-logging/1.5.1.RELEASE/spring-boot-starter-logging-1.5.1.RELEASE.jar
7f4b70018000-7f4b70037000 r--s 000df000 08:01 22676247                   /home/dawid/.m2/repository/org/springframework/boot/spring-boot-autoconfigure/1.5.1.RELEASE/spring-boot-autoconfigure-1.5.1.RELEASE.jar
7f4b70037000-7f4b70047000 r--s 00092000 08:01 22676365                   /home/dawid/.m2/repository/org/springframework/boot/spring-boot/1.5.1.RELEASE/spring-boot-1.5.1.RELEASE.jar
7f4b70047000-7f4b70048000 r--s 00000000 08:01 22676249                   /home/dawid/.m2/repository/org/springframework/boot/spring-boot-starter/1.5.1.RELEASE/spring-boot-starter-1.5.1.RELEASE.jar
7f4b70048000-7f4b70049000 r--s 00000000 08:01 22676242                   /home/dawid/.m2/repository/org/springframework/boot/spring-boot-starter-web/1.5.1.RELEASE/spring-boot-starter-web-1.5.1.RELEASE.jar
7f4b70049000-7f4b7005c000 r--s 00345000 08:11 808442                     /usr/lib/jvm/java-8-oracle/jre/lib/resources.jar
7f4b7005c000-7f4b7006f000 r--s 000d6000 08:11 808346                     /usr/lib/jvm/java-8-oracle/jre/lib/plugin.jar
7f4b7006f000-7f4b7008a000 r--s 0020b000 08:11 808322                     /usr/lib/jvm/java-8-oracle/jre/lib/deploy.jar
7f4b7008a000-7f4b70f99000 rw-p 00000000 00:00 0 
7f4b70f99000-7f4b71172000 r--s 03d5a000 08:11 808404                     /usr/lib/jvm/java-8-oracle/jre/lib/rt.jar
7f4b71172000-7f4b71d89000 rw-p 00000000 00:00 0 
7f4b71d89000-7f4b71d8a000 ---p 00000000 00:00 0 
7f4b71d8a000-7f4b71e8a000 rw-p 00000000 00:00 0 
7f4b71e8a000-7f4b71e8b000 ---p 00000000 00:00 0 
7f4b71e8b000-7f4b71f8b000 rw-p 00000000 00:00 0 
7f4b71f8b000-7f4b71f8c000 ---p 00000000 00:00 0 
7f4b71f8c000-7f4b7208c000 rw-p 00000000 00:00 0 
7f4b7208c000-7f4b7208d000 ---p 00000000 00:00 0 
7f4b7208d000-7f4b721a7000 rw-p 00000000 00:00 0 
7f4b721a7000-7f4b723f9000 ---p 00000000 00:00 0 
7f4b723f9000-7f4b72413000 rw-p 00000000 00:00 0 
7f4b72413000-7f4b72664000 ---p 00000000 00:00 0 
7f4b72664000-7f4b726e8000 rw-p 00000000 00:00 0 
7f4b726e8000-7f4b7279a000 ---p 00000000 00:00 0 
7f4b7279a000-7f4b727c7000 rw-p 00000000 00:00 0 
7f4b727c7000-7f4b72b5b000 ---p 00000000 00:00 0 
7f4b72b5b000-7f4b72b76000 r-xp 00000000 08:11 808614                     /usr/lib/jvm/java-8-oracle/jre/lib/amd64/libzip.so
7f4b72b76000-7f4b72d76000 ---p 0001b000 08:11 808614                     /usr/lib/jvm/java-8-oracle/jre/lib/amd64/libzip.so
7f4b72d76000-7f4b72d77000 rw-p 0001b000 08:11 808614                     /usr/lib/jvm/java-8-oracle/jre/lib/amd64/libzip.so
7f4b72d77000-7f4b72d82000 r-xp 00000000 08:11 399753                     /lib/x86_64-linux-gnu/libnss_files-2.23.so
7f4b72d82000-7f4b72f81000 ---p 0000b000 08:11 399753                     /lib/x86_64-linux-gnu/libnss_files-2.23.so
7f4b72f81000-7f4b72f82000 r--p 0000a000 08:11 399753                     /lib/x86_64-linux-gnu/libnss_files-2.23.so
7f4b72f82000-7f4b72f83000 rw-p 0000b000 08:11 399753                     /lib/x86_64-linux-gnu/libnss_files-2.23.so
7f4b72f83000-7f4b72f89000 rw-p 00000000 00:00 0 
7f4b72f89000-7f4b72f94000 r-xp 00000000 08:11 399763                     /lib/x86_64-linux-gnu/libnss_nis-2.23.so
7f4b72f94000-7f4b73193000 ---p 0000b000 08:11 399763                     /lib/x86_64-linux-gnu/libnss_nis-2.23.so
7f4b73193000-7f4b73194000 r--p 0000a000 08:11 399763                     /lib/x86_64-linux-gnu/libnss_nis-2.23.so
7f4b73194000-7f4b73195000 rw-p 0000b000 08:11 399763                     /lib/x86_64-linux-gnu/libnss_nis-2.23.so
7f4b73195000-7f4b731ab000 r-xp 00000000 08:11 399747                     /lib/x86_64-linux-gnu/libnsl-2.23.so
7f4b731ab000-7f4b733aa000 ---p 00016000 08:11 399747                     /lib/x86_64-linux-gnu/libnsl-2.23.so
7f4b733aa000-7f4b733ab000 r--p 00015000 08:11 399747                     /lib/x86_64-linux-gnu/libnsl-2.23.so
7f4b733ab000-7f4b733ac000 rw-p 00016000 08:11 399747                     /lib/x86_64-linux-gnu/libnsl-2.23.so
7f4b733ac000-7f4b733ae000 rw-p 00000000 00:00 0 
7f4b733ae000-7f4b733b6000 r-xp 00000000 08:11 399749                     /lib/x86_64-linux-gnu/libnss_compat-2.23.so
7f4b733b6000-7f4b735b5000 ---p 00008000 08:11 399749                     /lib/x86_64-linux-gnu/libnss_compat-2.23.so
7f4b735b5000-7f4b735b6000 r--p 00007000 08:11 399749                     /lib/x86_64-linux-gnu/libnss_compat-2.23.so
7f4b735b6000-7f4b735b7000 rw-p 00008000 08:11 399749                     /lib/x86_64-linux-gnu/libnss_compat-2.23.so
7f4b735b7000-7f4b735c1000 r-xp 00000000 08:11 808623                     /usr/lib/jvm/java-8-oracle/jre/lib/amd64/libinstrument.so
7f4b735c1000-7f4b737c0000 ---p 0000a000 08:11 808623                     /usr/lib/jvm/java-8-oracle/jre/lib/amd64/libinstrument.so
7f4b737c0000-7f4b737c1000 rw-p 00009000 08:11 808623                     /usr/lib/jvm/java-8-oracle/jre/lib/amd64/libinstrument.so
7f4b737c1000-7f4b737ec000 r-xp 00000000 08:11 808608                     /usr/lib/jvm/java-8-oracle/jre/lib/amd64/libjava.so
7f4b737ec000-7f4b739eb000 ---p 0002b000 08:11 808608                     /usr/lib/jvm/java-8-oracle/jre/lib/amd64/libjava.so
7f4b739eb000-7f4b739ed000 rw-p 0002a000 08:11 808608                     /usr/lib/jvm/java-8-oracle/jre/lib/amd64/libjava.so
7f4b739ed000-7f4b739fa000 r-xp 00000000 08:11 808613                     /usr/lib/jvm/java-8-oracle/jre/lib/amd64/libverify.so
7f4b739fa000-7f4b73bfa000 ---p 0000d000 08:11 808613                     /usr/lib/jvm/java-8-oracle/jre/lib/amd64/libverify.so
7f4b73bfa000-7f4b73bfc000 rw-p 0000d000 08:11 808613                     /usr/lib/jvm/java-8-oracle/jre/lib/amd64/libverify.so
7f4b73bfc000-7f4b73c03000 r-xp 00000000 08:11 399808                     /lib/x86_64-linux-gnu/librt-2.23.so
7f4b73c03000-7f4b73e02000 ---p 00007000 08:11 399808                     /lib/x86_64-linux-gnu/librt-2.23.so
7f4b73e02000-7f4b73e03000 r--p 00006000 08:11 399808                     /lib/x86_64-linux-gnu/librt-2.23.so
7f4b73e03000-7f4b73e04000 rw-p 00007000 08:11 399808                     /lib/x86_64-linux-gnu/librt-2.23.so
7f4b73e04000-7f4b73f0c000 r-xp 00000000 08:11 399724                     /lib/x86_64-linux-gnu/libm-2.23.so
7f4b73f0c000-7f4b7410b000 ---p 00108000 08:11 399724                     /lib/x86_64-linux-gnu/libm-2.23.so
7f4b7410b000-7f4b7410c000 r--p 00107000 08:11 399724                     /lib/x86_64-linux-gnu/libm-2.23.so
7f4b7410c000-7f4b7410d000 rw-p 00108000 08:11 399724                     /lib/x86_64-linux-gnu/libm-2.23.so
7f4b7410d000-7f4b74de0000 r-xp 00000000 08:11 808591                     /usr/lib/jvm/java-8-oracle/jre/lib/amd64/server/libjvm.so
7f4b74de0000-7f4b74fdf000 ---p 00cd3000 08:11 808591                     /usr/lib/jvm/java-8-oracle/jre/lib/amd64/server/libjvm.so
7f4b74fdf000-7f4b750b9000 rw-p 00cd2000 08:11 808591                     /usr/lib/jvm/java-8-oracle/jre/lib/amd64/server/libjvm.so
7f4b750b9000-7f4b75104000 rw-p 00000000 00:00 0 
7f4b75104000-7f4b752c4000 r-xp 00000000 08:11 399654                     /lib/x86_64-linux-gnu/libc-2.23.so
7f4b752c4000-7f4b754c4000 ---p 001c0000 08:11 399654                     /lib/x86_64-linux-gnu/libc-2.23.so
7f4b754c4000-7f4b754c8000 r--p 001c0000 08:11 399654                     /lib/x86_64-linux-gnu/libc-2.23.so
7f4b754c8000-7f4b754ca000 rw-p 001c4000 08:11 399654                     /lib/x86_64-linux-gnu/libc-2.23.so
7f4b754ca000-7f4b754ce000 rw-p 00000000 00:00 0 
7f4b754ce000-7f4b754d1000 r-xp 00000000 08:11 399678                     /lib/x86_64-linux-gnu/libdl-2.23.so
7f4b754d1000-7f4b756d0000 ---p 00003000 08:11 399678                     /lib/x86_64-linux-gnu/libdl-2.23.so
7f4b756d0000-7f4b756d1000 r--p 00002000 08:11 399678                     /lib/x86_64-linux-gnu/libdl-2.23.so
7f4b756d1000-7f4b756d2000 rw-p 00003000 08:11 399678                     /lib/x86_64-linux-gnu/libdl-2.23.so
7f4b756d2000-7f4b756e8000 r-xp 00000000 08:11 808218                     /usr/lib/jvm/java-8-oracle/lib/amd64/jli/libjli.so
7f4b756e8000-7f4b758e7000 ---p 00016000 08:11 808218                     /usr/lib/jvm/java-8-oracle/lib/amd64/jli/libjli.so
7f4b758e7000-7f4b758e8000 rw-p 00015000 08:11 808218                     /usr/lib/jvm/java-8-oracle/lib/amd64/jli/libjli.so
7f4b758e8000-7f4b75900000 r-xp 00000000 08:11 399800                     /lib/x86_64-linux-gnu/libpthread-2.23.so
7f4b75900000-7f4b75aff000 ---p 00018000 08:11 399800                     /lib/x86_64-linux-gnu/libpthread-2.23.so
7f4b75aff000-7f4b75b00000 r--p 00017000 08:11 399800                     /lib/x86_64-linux-gnu/libpthread-2.23.so
7f4b75b00000-7f4b75b01000 rw-p 00018000 08:11 399800                     /lib/x86_64-linux-gnu/libpthread-2.23.so
7f4b75b01000-7f4b75b05000 rw-p 00000000 00:00 0 
7f4b75b05000-7f4b75b2b000 r-xp 00000000 08:11 399626                     /lib/x86_64-linux-gnu/ld-2.23.so
7f4b75b2b000-7f4b75b30000 r--s 0009a000 08:11 808461                     /usr/lib/jvm/java-8-oracle/jre/lib/jsse.jar
7f4b75b30000-7f4b75b32000 r--s 00007000 08:11 808636                     /usr/lib/jvm/java-8-oracle/jre/lib/jfxswt.jar
7f4b75b32000-7f4b75b37000 r--s 00084000 08:11 808321                     /usr/lib/jvm/java-8-oracle/jre/lib/jfr.jar
7f4b75b37000-7f4b75b3a000 r--s 0001a000 08:11 808634                     /usr/lib/jvm/java-8-oracle/jre/lib/jce.jar
7f4b75b3a000-7f4b75c09000 rw-p 00000000 00:00 0 
7f4b75c09000-7f4b75c0c000 ---p 00000000 00:00 0 
7f4b75c0c000-7f4b75d0e000 rw-p 00000000 00:00 0 
7f4b75d0e000-7f4b75d0f000 r--s 00000000 08:11 808328                     /usr/lib/jvm/java-8-oracle/jre/lib/management-agent.jar
7f4b75d0f000-7f4b75d19000 r--s 0006c000 08:11 808331                     /usr/lib/jvm/java-8-oracle/jre/lib/javaws.jar
7f4b75d19000-7f4b75d1e000 r--s 002f9000 08:11 808402                     /usr/lib/jvm/java-8-oracle/jre/lib/charsets.jar
7f4b75d1e000-7f4b75d26000 rw-s 00000000 08:11 667607                     /tmp/hsperfdata_dawid/32210
7f4b75d26000-7f4b75d27000 rw-p 00000000 00:00 0 
7f4b75d27000-7f4b75d28000 ---p 00000000 00:00 0 
7f4b75d28000-7f4b75d2a000 rw-p 00000000 00:00 0 
7f4b75d2a000-7f4b75d2b000 r--p 00025000 08:11 399626                     /lib/x86_64-linux-gnu/ld-2.23.so
7f4b75d2b000-7f4b75d2c000 rw-p 00026000 08:11 399626                     /lib/x86_64-linux-gnu/ld-2.23.so
7f4b75d2c000-7f4b75d2d000 rw-p 00000000 00:00 0 
7ffd66c0e000-7ffd66c31000 rw-p 00000000 00:00 0                          [stack]
7ffd66d90000-7ffd66d92000 r--p 00000000 00:00 0                          [vvar]
7ffd66d92000-7ffd66d94000 r-xp 00000000 00:00 0                          [vdso]
ffffffffff600000-ffffffffff601000 r-xp 00000000 00:00 0                  [vsyscall]

VM Arguments:
jvm_args: -javaagent:/home/dawid/Programs/Intellij Idea/lib/idea_rt.jar=34715:/home/dawid/Programs/Intellij Idea/bin -Dfile.encoding=UTF-8 
java_command: com.matuszak.engineer.Application
java_class_path (initial): /usr/lib/jvm/java-8-oracle/jre/lib/charsets.jar:/usr/lib/jvm/java-8-oracle/jre/lib/deploy.jar:/usr/lib/jvm/java-8-oracle/jre/lib/ext/cldrdata.jar:/usr/lib/jvm/java-8-oracle/jre/lib/ext/dnsns.jar:/usr/lib/jvm/java-8-oracle/jre/lib/ext/jaccess.jar:/usr/lib/jvm/java-8-oracle/jre/lib/ext/jfxrt.jar:/usr/lib/jvm/java-8-oracle/jre/lib/ext/localedata.jar:/usr/lib/jvm/java-8-oracle/jre/lib/ext/nashorn.jar:/usr/lib/jvm/java-8-oracle/jre/lib/ext/sunec.jar:/usr/lib/jvm/java-8-oracle/jre/lib/ext/sunjce_provider.jar:/usr/lib/jvm/java-8-oracle/jre/lib/ext/sunpkcs11.jar:/usr/lib/jvm/java-8-oracle/jre/lib/ext/zipfs.jar:/usr/lib/jvm/java-8-oracle/jre/lib/javaws.jar:/usr/lib/jvm/java-8-oracle/jre/lib/jce.jar:/usr/lib/jvm/java-8-oracle/jre/lib/jfr.jar:/usr/lib/jvm/java-8-oracle/jre/lib/jfxswt.jar:/usr/lib/jvm/java-8-oracle/jre/lib/jsse.jar:/usr/lib/jvm/java-8-oracle/jre/lib/management-agent.jar:/usr/lib/jvm/java-8-oracle/jre/lib/plugin.jar:/usr/lib/jvm/java-8-oracle/jre/lib/resources.jar:/usr/lib/jvm/java-8-oracle/jre/lib/rt.jar:/home/dawid/Projects/GitProjects/TeamWorkSupportSystem/target/classes:/home/dawid/.m2/repository/org/springframework/boot/spring-boot-starter-web/1.5.1.RELEASE/spring-boot-starter-web-1.5.1.RELEASE.jar:/home/dawid/.m2/repository/org/springframework/boot/spring-boot-starter/1.5.1.RELEASE/spring-boot-starter-1.5.1.RELEASE.jar:/home/dawid/.m2/repository/org/springframework/boot/spring-boot/1.5.1.RELEASE/spring-boot-1.5.1.RELEASE.jar:/home/dawid/.m2/repository/org/springframework/boot/spring-boot-autoconfigure/1.5.1.RELEASE/spring-boot-autoconfigure-1.5.1.RELEASE.jar:/home/dawid/.m2/repository/org/springframework/boot/spring-boot-starter-logging/1.5.1.RELEASE/spring-boot-starter-logging-1.5.1.RELEASE.jar:/home/dawid/.m2/repository/ch/qos/logback/logback-classic/1.1.9/logback-classic-1.1.9.jar:/home/dawid/.m2/repository/ch/qos/logback/logback-core/1.1.9/logback-core-1.1.9.jar:/home/dawid/.m2/repository/org/slf4j/jul-to-slf4j/1.7.22/jul-t
Launcher Type: SUN_STANDARD

Environment Variables:
JAVA_HOME=/usr/lib/jvm/java-8-oracle
PATH=/home/dawid/bin:/home/dawid/.local/bin:/usr/local/sbin:/usr/local/bin:/usr/sbin:/usr/bin:/sbin:/bin:/usr/games:/usr/local/games:/usr/lib/jvm/java-8-oracle/bin:/usr/lib/jvm/java-8-oracle/db/bin:/usr/lib/jvm/java-8-oracle/jre/bin
LD_LIBRARY_PATH=/home/dawid/Programs/Intellij Idea/bin:/home/dawid/Programs/Intellij Idea/bin:
SHELL=/bin/bash
DISPLAY=:0

Signal Handlers:
SIGSEGV: [libjvm.so+0xacbe10], sa_mask[0]=11111111011111111101111111111110, sa_flags=SA_RESTART|SA_SIGINFO
SIGBUS: [libjvm.so+0xacbe10], sa_mask[0]=11111111011111111101111111111110, sa_flags=SA_RESTART|SA_SIGINFO
SIGFPE: [libjvm.so+0x924f90], sa_mask[0]=11111111011111111101111111111110, sa_flags=SA_RESTART|SA_SIGINFO
SIGPIPE: [libjvm.so+0x924f90], sa_mask[0]=11111111011111111101111111111110, sa_flags=SA_RESTART|SA_SIGINFO
SIGXFSZ: [libjvm.so+0x924f90], sa_mask[0]=11111111011111111101111111111110, sa_flags=SA_RESTART|SA_SIGINFO
SIGILL: [libjvm.so+0x924f90], sa_mask[0]=11111111011111111101111111111110, sa_flags=SA_RESTART|SA_SIGINFO
SIGUSR1: SIG_DFL, sa_mask[0]=00000000000000000000000000000000, sa_flags=none
SIGUSR2: [libjvm.so+0x9267d0], sa_mask[0]=00100000000000000000000000000000, sa_flags=SA_RESTART|SA_SIGINFO
SIGHUP: SIG_IGN, sa_mask[0]=00000000000000000000000000000000, sa_flags=none
SIGINT: [libjvm.so+0x927bd0], sa_mask[0]=11111111011111111101111111111110, sa_flags=SA_RESTART|SA_SIGINFO
SIGTERM: [libjvm.so+0x927bd0], sa_mask[0]=11111111011111111101111111111110, sa_flags=SA_RESTART|SA_SIGINFO
SIGQUIT: [libjvm.so+0x927bd0], sa_mask[0]=11111111011111111101111111111110, sa_flags=SA_RESTART|SA_SIGINFO


---------------  S Y S T E M  ---------------

OS:DISTRIB_ID="elementary"
DISTRIB_RELEASE=0.4.1
DISTRIB_CODENAME=loki
DISTRIB_DESCRIPTION="elementary OS 0.4.1 Loki"

uname:Linux 4.10.0-38-generic #42~16.04.1-Ubuntu SMP Tue Oct 10 16:32:20 UTC 2017 x86_64
libc:glibc 2.23 NPTL 2.23 
rlimit: STACK 8192k, CORE 0k, NPROC 29536, NOFILE 1048576, AS infinity
load average:2,86 2,24 2,09

/proc/meminfo:
MemTotal:        7606036 kB
MemFree:          702848 kB
MemAvailable:    3061560 kB
Buffers:          105748 kB
Cached:          2710124 kB
SwapCached:         1128 kB
Active:          4856112 kB
Inactive:        1722624 kB
Active(anon):    3396464 kB
Inactive(anon):   680624 kB
Active(file):    1459648 kB
Inactive(file):  1042000 kB
Unevictable:         112 kB
Mlocked:             112 kB
SwapTotal:       1951740 kB
SwapFree:        1930268 kB
Dirty:              1304 kB
Writeback:             0 kB
AnonPages:       3668976 kB
Mapped:           358824 kB
Shmem:            314224 kB
Slab:             199420 kB
SReclaimable:     152940 kB
SUnreclaim:        46480 kB
KernelStack:       12064 kB
PageTables:        48260 kB
NFS_Unstable:          0 kB
Bounce:                0 kB
WritebackTmp:          0 kB
CommitLimit:     5754756 kB
Committed_AS:    9116548 kB
VmallocTotal:   34359738367 kB
VmallocUsed:           0 kB
VmallocChunk:          0 kB
HardwareCorrupted:     0 kB
AnonHugePages:   1982464 kB
ShmemHugePages:        0 kB
ShmemPmdMapped:        0 kB
CmaTotal:              0 kB
CmaFree:               0 kB
HugePages_Total:       0
HugePages_Free:        0
HugePages_Rsvd:        0
HugePages_Surp:        0
Hugepagesize:       2048 kB
DirectMap4k:      249940 kB
DirectMap2M:     7563264 kB


CPU:total 4 (initial active 4) (2 cores per cpu, 2 threads per core) family 6 model 58 stepping 9, cmov, cx8, fxsr, mmx, sse, sse2, sse3, ssse3, sse4.1, sse4.2, popcnt, avx, aes, clmul, erms, ht, tsc, tscinvbit, tscinv

/proc/cpuinfo:
processor	: 0
vendor_id	: GenuineIntel
cpu family	: 6
model		: 58
model name	: Intel(R) Core(TM) i5-3317U CPU @ 1.70GHz
stepping	: 9
microcode	: 0x1c
cpu MHz		: 1899.945
cache size	: 3072 KB
physical id	: 0
siblings	: 4
core id		: 0
cpu cores	: 2
apicid		: 0
initial apicid	: 0
fpu		: yes
fpu_exception	: yes
cpuid level	: 13
wp		: yes
flags		: fpu vme de pse tsc msr pae mce cx8 apic sep mtrr pge mca cmov pat pse36 clflush dts acpi mmx fxsr sse sse2 ss ht tm pbe syscall nx rdtscp lm constant_tsc arch_perfmon pebs bts rep_good nopl xtopology nonstop_tsc aperfmperf pni pclmulqdq dtes64 monitor ds_cpl vmx est tm2 ssse3 cx16 xtpr pdcm pcid sse4_1 sse4_2 x2apic popcnt tsc_deadline_timer aes xsave avx f16c rdrand lahf_lm epb tpr_shadow vnmi flexpriority ept vpid fsgsbase smep erms xsaveopt dtherm ida arat pln pts
bugs		:
bogomips	: 3392.02
clflush size	: 64
cache_alignment	: 64
address sizes	: 36 bits physical, 48 bits virtual
power management:

processor	: 1
vendor_id	: GenuineIntel
cpu family	: 6
model		: 58
model name	: Intel(R) Core(TM) i5-3317U CPU @ 1.70GHz
stepping	: 9
microcode	: 0x1c
cpu MHz		: 1899.945
cache size	: 3072 KB
physical id	: 0
siblings	: 4
core id		: 1
cpu cores	: 2
apicid		: 2
initial apicid	: 2
fpu		: yes
fpu_exception	: yes
cpuid level	: 13
wp		: yes
flags		: fpu vme de pse tsc msr pae mce cx8 apic sep mtrr pge mca cmov pat pse36 clflush dts acpi mmx fxsr sse sse2 ss ht tm pbe syscall nx rdtscp lm constant_tsc arch_perfmon pebs bts rep_good nopl xtopology nonstop_tsc aperfmperf pni pclmulqdq dtes64 monitor ds_cpl vmx est tm2 ssse3 cx16 xtpr pdcm pcid sse4_1 sse4_2 x2apic popcnt tsc_deadline_timer aes xsave avx f16c rdrand lahf_lm epb tpr_shadow vnmi flexpriority ept vpid fsgsbase smep erms xsaveopt dtherm ida arat pln pts
bugs		:
bogomips	: 3392.02
clflush size	: 64
cache_alignment	: 64
address sizes	: 36 bits physical, 48 bits virtual
power management:

processor	: 2
vendor_id	: GenuineIntel
cpu family	: 6
model		: 58
model name	: Intel(R) Core(TM) i5-3317U CPU @ 1.70GHz
stepping	: 9
microcode	: 0x1c
cpu MHz		: 1899.945
cache size	: 3072 KB
physical id	: 0
siblings	: 4
core id		: 0
cpu cores	: 2
apicid		: 1
initial apicid	: 1
fpu		: yes
fpu_exception	: yes
cpuid level	: 13
wp		: yes
flags		: fpu vme de pse tsc msr pae mce cx8 apic sep mtrr pge mca cmov pat pse36 clflush dts acpi mmx fxsr sse sse2 ss ht tm pbe syscall nx rdtscp lm constant_tsc arch_perfmon pebs bts rep_good nopl xtopology nonstop_tsc aperfmperf pni pclmulqdq dtes64 monitor ds_cpl vmx est tm2 ssse3 cx16 xtpr pdcm pcid sse4_1 sse4_2 x2apic popcnt tsc_deadline_timer aes xsave avx f16c rdrand lahf_lm epb tpr_shadow vnmi flexpriority ept vpid fsgsbase smep erms xsaveopt dtherm ida arat pln pts
bugs		:
bogomips	: 3392.02
clflush size	: 64
cache_alignment	: 64
address sizes	: 36 bits physical, 48 bits virtual
power management:

processor	: 3
vendor_id	: GenuineIntel
cpu family	: 6
model		: 58
model name	: Intel(R) Core(TM) i5-3317U CPU @ 1.70GHz
stepping	: 9
microcode	: 0x1c
cpu MHz		: 1899.945
cache size	: 3072 KB
physical id	: 0
siblings	: 4
core id		: 1
cpu cores	: 2
apicid		: 3
initial apicid	: 3
fpu		: yes
fpu_exception	: yes
cpuid level	: 13
wp		: yes
flags		: fpu vme de pse tsc msr pae mce cx8 apic sep mtrr pge mca cmov pat pse36 clflush dts acpi mmx fxsr sse sse2 ss ht tm pbe syscall nx rdtscp lm constant_tsc arch_perfmon pebs bts rep_good nopl xtopology nonstop_tsc aperfmperf pni pclmulqdq dtes64 monitor ds_cpl vmx est tm2 ssse3 cx16 xtpr pdcm pcid sse4_1 sse4_2 x2apic popcnt tsc_deadline_timer aes xsave avx f16c rdrand lahf_lm epb tpr_shadow vnmi flexpriority ept vpid fsgsbase smep erms xsaveopt dtherm ida arat pln pts
bugs		:
bogomips	: 3392.02
clflush size	: 64
cache_alignment	: 64
address sizes	: 36 bits physical, 48 bits virtual
power management:



Memory: 4k page, physical 7606036k(702848k free), swap 1951740k(1930268k free)

vm_info: Java HotSpot(TM) 64-Bit Server VM (25.151-b12) for linux-amd64 JRE (1.8.0_151-b12), built on Sep  5 2017 19:20:58 by "java_re" with gcc 4.3.0 20080428 (Red Hat 4.3.0-8)

time: Tue Nov 14 20:09:38 2017
elapsed time: 12 seconds (0d 0h 0m 12s)

